#
# There is insufficient memory for the Java Runtime Environment to continue.
# Native memory allocation (malloc) failed to allocate 479296 bytes for Chunk::new
# Possible reasons:
#   The system is out of physical RAM or swap space
#   The process is running with CompressedOops enabled, and the Java Heap may be blocking the growth of the native heap
# Possible solutions:
#   Reduce memory load on the system
#   Increase physical memory or swap space
#   Check if swap backing store is full
#   Decrease Java heap size (-Xmx/-Xms)
#   Decrease number of Java threads
#   Decrease Java thread stack sizes (-Xss)
#   Set larger code cache with -XX:ReservedCodeCacheSize=
#   JVM is running with Unscaled Compressed Oops mode in which the Java heap is
#     placed in the first 4GB address space. The Java Heap base address is the
#     maximum limit for the native heap growth. Please use -XX:HeapBaseMinAddress
#     to set the Java Heap base and to place the Java Heap above 4GB virtual address.
# This output file may be truncated or incomplete.
#
#  Out of Memory Error (c:/BuildAgent/work/5ff2f6c26000d570/src/hotspot/share/memory/arena.cpp:197), pid=8, tid=3392
#
# JRE version: OpenJDK Runtime Environment (11.0.4+10) (build 11.0.4+10-b304.69)
# Java VM: OpenJDK 64-Bit Server VM (11.0.4+10-b304.69, mixed mode, tiered, compressed oops, g1 gc, windows-amd64)
# No core dump will be written. Minidumps are not enabled by default on client versions of Windows
#

---------------  S U M M A R Y ------------

Command Line: -javaagent:C:\Users\gerbe\Downloads\ideaIU-2019.2.3.win\lib\idea_rt.jar=56560:C:\Users\gerbe\Downloads\ideaIU-2019.2.3.win\bin -Dfile.encoding=UTF-8 sample.Main

Host: AMD Turion(tm) II Dual-Core Mobile M500, 2 cores, 3G,  Windows 10 , 64 bit Build 18362 (10.0.18362.329)
Time: Wed Jan 15 15:57:53 2020 RTZ 2 (ceia) elapsed time: 2 seconds (0d 0h 0m 2s)

---------------  T H R E A D  ---------------

Current thread (0x000002f0bec88000):  JavaThread "C2 CompilerThread0" daemon [_thread_in_native, id=3392, stack(0x000000f846700000,0x000000f846800000)]


Current CompileTask:
C2:   2287  778       4       jdk.internal.org.objectweb.asm.Frame::execute (2264 bytes)

Stack: [0x000000f846700000,0x000000f846800000]
Native frames: (J=compiled Java code, j=interpreted, Vv=VM code, C=native code)
V  [jvm.dll+0x5db31a]
V  [jvm.dll+0x70c395]
V  [jvm.dll+0x70d8b8]
V  [jvm.dll+0x70df83]
V  [jvm.dll+0x23dbb8]
V  [jvm.dll+0xb91fc]
V  [jvm.dll+0xb96fc]
V  [jvm.dll+0x2b1834]
V  [jvm.dll+0x5000e2]
V  [jvm.dll+0x1f938c]
V  [jvm.dll+0x1f698f]
V  [jvm.dll+0x17fd7c]
V  [jvm.dll+0x204d17]
V  [jvm.dll+0x2035b2]
V  [jvm.dll+0x6d956f]
V  [jvm.dll+0x6d236d]
V  [jvm.dll+0x5da5e6]
C  [ucrtbase.dll+0x20e72]
C  [KERNEL32.DLL+0x17bd4]
C  [ntdll.dll+0x6ced1]


---------------  P R O C E S S  ---------------

Threads class SMR info:
_java_thread_list=0x000002f0bf40b4c0, length=16, elements={
0x000002f0a6fe7000, 0x000002f0bec22000, 0x000002f0bec23800, 0x000002f0bec84000,
0x000002f0bec86000, 0x000002f0bec88000, 0x000002f0bedf6000, 0x000002f0bee06000,
0x000002f0bebc3800, 0x000002f0befe4000, 0x000002f0befe5000, 0x000002f0bf069000,
0x000002f0bf398000, 0x000002f0bf3fb800, 0x000002f0bf4d7000, 0x000002f0bf4c3000
}

Java Threads: ( => current thread )
  0x000002f0a6fe7000 JavaThread "main" [_thread_blocked, id=9480, stack(0x000000f845c00000,0x000000f845d00000)]
  0x000002f0bec22000 JavaThread "Reference Handler" daemon [_thread_blocked, id=2868, stack(0x000000f846300000,0x000000f846400000)]
  0x000002f0bec23800 JavaThread "Finalizer" daemon [_thread_blocked, id=8524, stack(0x000000f846400000,0x000000f846500000)]
  0x000002f0bec84000 JavaThread "Signal Dispatcher" daemon [_thread_blocked, id=4984, stack(0x000000f846500000,0x000000f846600000)]
  0x000002f0bec86000 JavaThread "Attach Listener" daemon [_thread_blocked, id=8876, stack(0x000000f846600000,0x000000f846700000)]
=>0x000002f0bec88000 JavaThread "C2 CompilerThread0" daemon [_thread_in_native, id=3392, stack(0x000000f846700000,0x000000f846800000)]
  0x000002f0bedf6000 JavaThread "C1 CompilerThread0" daemon [_thread_in_native, id=6884, stack(0x000000f846800000,0x000000f846900000)]
  0x000002f0bee06000 JavaThread "Sweeper thread" daemon [_thread_blocked, id=5956, stack(0x000000f846900000,0x000000f846a00000)]
  0x000002f0bebc3800 JavaThread "Common-Cleaner" daemon [_thread_blocked, id=8332, stack(0x000000f846a00000,0x000000f846b00000)]
  0x000002f0befe4000 JavaThread "Monitor Ctrl-Break" daemon [_thread_in_native, id=8104, stack(0x000000f846b00000,0x000000f846c00000)]
  0x000002f0befe5000 JavaThread "Service Thread" daemon [_thread_blocked, id=3952, stack(0x000000f846c00000,0x000000f846d00000)]
  0x000002f0bf069000 JavaThread "QuantumRenderer-0" daemon [_thread_blocked, id=10496, stack(0x000000f846f00000,0x000000f847000000)]
  0x000002f0bf398000 JavaThread "InvokeLaterDispatcher" daemon [_thread_blocked, id=704, stack(0x000000f847000000,0x000000f847100000)]
  0x000002f0bf3fb800 JavaThread "JavaFX Application Thread" [_thread_in_Java, id=4364, stack(0x000000f847100000,0x000000f847200000)]
  0x000002f0bf4d7000 JavaThread "JavaFX-Launcher" [_thread_blocked, id=1736, stack(0x000000f847700000,0x000000f847800000)]
  0x000002f0bf4c3000 JavaThread "Thread-2" daemon [_thread_in_native, id=1828, stack(0x000000f847600000,0x000000f847700000)]

Other Threads:
  0x000002f0bec18800 VMThread "VM Thread" [stack: 0x000000f846200000,0x000000f846300000] [id=1876]
  0x000002f0befe6800 WatcherThread [stack: 0x000000f846d00000,0x000000f846e00000] [id=2388]
  0x000002f0a6ffc000 GCTaskThread "GC Thread#0" [stack: 0x000000f845d00000,0x000000f845e00000] [id=4032]
  0x000002f0bf388000 GCTaskThread "GC Thread#1" [stack: 0x000000f846e00000,0x000000f846f00000] [id=1960]
  0x000002f0a7019800 ConcurrentGCThread "G1 Main Marker" [stack: 0x000000f845e00000,0x000000f845f00000] [id=10632]
  0x000002f0a701b000 ConcurrentGCThread "G1 Conc#0" [stack: 0x000000f845f00000,0x000000f846000000] [id=10768]
  0x000002f0a7069000 ConcurrentGCThread "G1 Refine#0" [stack: 0x000000f846000000,0x000000f846100000] [id=6460]
  0x000002f0a706a000 ConcurrentGCThread "G1 Young RemSet Sampling" [stack: 0x000000f846100000,0x000000f846200000] [id=7552]

Threads with active compile tasks:
C2 CompilerThread0 778       4       jdk.internal.org.objectweb.asm.Frame::execute (2264 bytes)
C1 CompilerThread0 817       3       java.lang.invoke.MethodTypeForm::<init> (687 bytes)

VM state:not at safepoint (normal execution)

VM Mutex/Monitor currently owned by a thread: None

Heap address: 0x00000000c0000000, size: 1024 MB, Compressed Oops mode: 32-bit
Narrow klass base: 0x0000000000000000, Narrow klass shift: 3
Compressed class space size: 1073741824 Address: 0x0000000100000000

Heap:
 garbage-first heap   total 65536K, used 10829K [0x00000000c0000000, 0x0000000100000000)
  region size 1024K, 11 young (11264K), 1 survivors (1024K)
 Metaspace       used 11808K, capacity 12118K, committed 12416K, reserved 1060864K
  class space    used 1181K, capacity 1305K, committed 1408K, reserved 1048576K
Heap Regions: E=young(eden), S=young(survivor), O=old, HS=humongous(starts), HC=humongous(continues), CS=collection set, F=free, A=archive, TAMS=top-at-mark-start (previous, next)
|   0|0x00000000c0000000, 0x00000000c0093600, 0x00000000c0100000| 57%| O|  |TAMS 0x00000000c0000000, 0x00000000c0000000| Untracked 
|   1|0x00000000c0100000, 0x00000000c0100000, 0x00000000c0200000|  0%| F|  |TAMS 0x00000000c0100000, 0x00000000c0100000| Untracked 
|   2|0x00000000c0200000, 0x00000000c0200000, 0x00000000c0300000|  0%| F|  |TAMS 0x00000000c0200000, 0x00000000c0200000| Untracked 
|   3|0x00000000c0300000, 0x00000000c0300000, 0x00000000c0400000|  0%| F|  |TAMS 0x00000000c0300000, 0x00000000c0300000| Untracked 
|   4|0x00000000c0400000, 0x00000000c0400000, 0x00000000c0500000|  0%| F|  |TAMS 0x00000000c0400000, 0x00000000c0400000| Untracked 
|   5|0x00000000c0500000, 0x00000000c0500000, 0x00000000c0600000|  0%| F|  |TAMS 0x00000000c0500000, 0x00000000c0500000| Untracked 
|   6|0x00000000c0600000, 0x00000000c0600000, 0x00000000c0700000|  0%| F|  |TAMS 0x00000000c0600000, 0x00000000c0600000| Untracked 
|   7|0x00000000c0700000, 0x00000000c0700000, 0x00000000c0800000|  0%| F|  |TAMS 0x00000000c0700000, 0x00000000c0700000| Untracked 
|   8|0x00000000c0800000, 0x00000000c0800000, 0x00000000c0900000|  0%| F|  |TAMS 0x00000000c0800000, 0x00000000c0800000| Untracked 
|   9|0x00000000c0900000, 0x00000000c0900000, 0x00000000c0a00000|  0%| F|  |TAMS 0x00000000c0900000, 0x00000000c0900000| Untracked 
|  10|0x00000000c0a00000, 0x00000000c0a00000, 0x00000000c0b00000|  0%| F|  |TAMS 0x00000000c0a00000, 0x00000000c0a00000| Untracked 
|  11|0x00000000c0b00000, 0x00000000c0b00000, 0x00000000c0c00000|  0%| F|  |TAMS 0x00000000c0b00000, 0x00000000c0b00000| Untracked 
|  12|0x00000000c0c00000, 0x00000000c0c00000, 0x00000000c0d00000|  0%| F|  |TAMS 0x00000000c0c00000, 0x00000000c0c00000| Untracked 
|  13|0x00000000c0d00000, 0x00000000c0d00000, 0x00000000c0e00000|  0%| F|  |TAMS 0x00000000c0d00000, 0x00000000c0d00000| Untracked 
|  14|0x00000000c0e00000, 0x00000000c0e00000, 0x00000000c0f00000|  0%| F|  |TAMS 0x00000000c0e00000, 0x00000000c0e00000| Untracked 
|  15|0x00000000c0f00000, 0x00000000c0f00000, 0x00000000c1000000|  0%| F|  |TAMS 0x00000000c0f00000, 0x00000000c0f00000| Untracked 
|  16|0x00000000c1000000, 0x00000000c1000000, 0x00000000c1100000|  0%| F|  |TAMS 0x00000000c1000000, 0x00000000c1000000| Untracked 
|  17|0x00000000c1100000, 0x00000000c1100000, 0x00000000c1200000|  0%| F|  |TAMS 0x00000000c1100000, 0x00000000c1100000| Untracked 
|  18|0x00000000c1200000, 0x00000000c1200000, 0x00000000c1300000|  0%| F|  |TAMS 0x00000000c1200000, 0x00000000c1200000| Untracked 
|  19|0x00000000c1300000, 0x00000000c1300000, 0x00000000c1400000|  0%| F|  |TAMS 0x00000000c1300000, 0x00000000c1300000| Untracked 
|  20|0x00000000c1400000, 0x00000000c1400000, 0x00000000c1500000|  0%| F|  |TAMS 0x00000000c1400000, 0x00000000c1400000| Untracked 
|  21|0x00000000c1500000, 0x00000000c1500000, 0x00000000c1600000|  0%| F|  |TAMS 0x00000000c1500000, 0x00000000c1500000| Untracked 
|  22|0x00000000c1600000, 0x00000000c1600000, 0x00000000c1700000|  0%| F|  |TAMS 0x00000000c1600000, 0x00000000c1600000| Untracked 
|  23|0x00000000c1700000, 0x00000000c1700000, 0x00000000c1800000|  0%| F|  |TAMS 0x00000000c1700000, 0x00000000c1700000| Untracked 
|  24|0x00000000c1800000, 0x00000000c1800000, 0x00000000c1900000|  0%| F|  |TAMS 0x00000000c1800000, 0x00000000c1800000| Untracked 
|  25|0x00000000c1900000, 0x00000000c1900000, 0x00000000c1a00000|  0%| F|  |TAMS 0x00000000c1900000, 0x00000000c1900000| Untracked 
|  26|0x00000000c1a00000, 0x00000000c1a00000, 0x00000000c1b00000|  0%| F|  |TAMS 0x00000000c1a00000, 0x00000000c1a00000| Untracked 
|  27|0x00000000c1b00000, 0x00000000c1b00000, 0x00000000c1c00000|  0%| F|  |TAMS 0x00000000c1b00000, 0x00000000c1b00000| Untracked 
|  28|0x00000000c1c00000, 0x00000000c1c00000, 0x00000000c1d00000|  0%| F|  |TAMS 0x00000000c1c00000, 0x00000000c1c00000| Untracked 
|  29|0x00000000c1d00000, 0x00000000c1d00000, 0x00000000c1e00000|  0%| F|  |TAMS 0x00000000c1d00000, 0x00000000c1d00000| Untracked 
|  30|0x00000000c1e00000, 0x00000000c1e00000, 0x00000000c1f00000|  0%| F|  |TAMS 0x00000000c1e00000, 0x00000000c1e00000| Untracked 
|  31|0x00000000c1f00000, 0x00000000c1f00000, 0x00000000c2000000|  0%| F|  |TAMS 0x00000000c1f00000, 0x00000000c1f00000| Untracked 
|  32|0x00000000c2000000, 0x00000000c2000000, 0x00000000c2100000|  0%| F|  |TAMS 0x00000000c2000000, 0x00000000c2000000| Untracked 
|  33|0x00000000c2100000, 0x00000000c2100000, 0x00000000c2200000|  0%| F|  |TAMS 0x00000000c2100000, 0x00000000c2100000| Untracked 
|  34|0x00000000c2200000, 0x00000000c2200000, 0x00000000c2300000|  0%| F|  |TAMS 0x00000000c2200000, 0x00000000c2200000| Untracked 
|  35|0x00000000c2300000, 0x00000000c2300000, 0x00000000c2400000|  0%| F|  |TAMS 0x00000000c2300000, 0x00000000c2300000| Untracked 
|  36|0x00000000c2400000, 0x00000000c2400000, 0x00000000c2500000|  0%| F|  |TAMS 0x00000000c2400000, 0x00000000c2400000| Untracked 
|  37|0x00000000c2500000, 0x00000000c2500000, 0x00000000c2600000|  0%| F|  |TAMS 0x00000000c2500000, 0x00000000c2500000| Untracked 
|  38|0x00000000c2600000, 0x00000000c2600000, 0x00000000c2700000|  0%| F|  |TAMS 0x00000000c2600000, 0x00000000c2600000| Untracked 
|  39|0x00000000c2700000, 0x00000000c2700000, 0x00000000c2800000|  0%| F|  |TAMS 0x00000000c2700000, 0x00000000c2700000| Untracked 
|  40|0x00000000c2800000, 0x00000000c2800000, 0x00000000c2900000|  0%| F|  |TAMS 0x00000000c2800000, 0x00000000c2800000| Untracked 
|  41|0x00000000c2900000, 0x00000000c2900000, 0x00000000c2a00000|  0%| F|  |TAMS 0x00000000c2900000, 0x00000000c2900000| Untracked 
|  42|0x00000000c2a00000, 0x00000000c2a00000, 0x00000000c2b00000|  0%| F|  |TAMS 0x00000000c2a00000, 0x00000000c2a00000| Untracked 
|  43|0x00000000c2b00000, 0x00000000c2b00000, 0x00000000c2c00000|  0%| F|  |TAMS 0x00000000c2b00000, 0x00000000c2b00000| Untracked 
|  44|0x00000000c2c00000, 0x00000000c2c00000, 0x00000000c2d00000|  0%| F|  |TAMS 0x00000000c2c00000, 0x00000000c2c00000| Untracked 
|  45|0x00000000c2d00000, 0x00000000c2d00000, 0x00000000c2e00000|  0%| F|  |TAMS 0x00000000c2d00000, 0x00000000c2d00000| Untracked 
|  46|0x00000000c2e00000, 0x00000000c2e00000, 0x00000000c2f00000|  0%| F|  |TAMS 0x00000000c2e00000, 0x00000000c2e00000| Untracked 
|  47|0x00000000c2f00000, 0x00000000c2f00000, 0x00000000c3000000|  0%| F|  |TAMS 0x00000000c2f00000, 0x00000000c2f00000| Untracked 
|  48|0x00000000c3000000, 0x00000000c3000000, 0x00000000c3100000|  0%| F|  |TAMS 0x00000000c3000000, 0x00000000c3000000| Untracked 
|  49|0x00000000c3100000, 0x00000000c3100000, 0x00000000c3200000|  0%| F|  |TAMS 0x00000000c3100000, 0x00000000c3100000| Untracked 
|  50|0x00000000c3200000, 0x00000000c3200000, 0x00000000c3300000|  0%| F|  |TAMS 0x00000000c3200000, 0x00000000c3200000| Untracked 
|  51|0x00000000c3300000, 0x00000000c3300000, 0x00000000c3400000|  0%| F|  |TAMS 0x00000000c3300000, 0x00000000c3300000| Untracked 
|  52|0x00000000c3400000, 0x00000000c3400000, 0x00000000c3500000|  0%| F|  |TAMS 0x00000000c3400000, 0x00000000c3400000| Untracked 
|  53|0x00000000c3500000, 0x00000000c357f0f8, 0x00000000c3600000| 49%| E|  |TAMS 0x00000000c3500000, 0x00000000c3500000| Complete 
|  54|0x00000000c3600000, 0x00000000c3700000, 0x00000000c3700000|100%| E|CS|TAMS 0x00000000c3600000, 0x00000000c3600000| Complete 
|  55|0x00000000c3700000, 0x00000000c3800000, 0x00000000c3800000|100%| E|CS|TAMS 0x00000000c3700000, 0x00000000c3700000| Complete 
|  56|0x00000000c3800000, 0x00000000c3900000, 0x00000000c3900000|100%| S|CS|TAMS 0x00000000c3800000, 0x00000000c3800000| Complete 
|  57|0x00000000c3900000, 0x00000000c3a00000, 0x00000000c3a00000|100%| E|CS|TAMS 0x00000000c3900000, 0x00000000c3900000| Complete 
|  58|0x00000000c3a00000, 0x00000000c3b00000, 0x00000000c3b00000|100%| E|CS|TAMS 0x00000000c3a00000, 0x00000000c3a00000| Complete 
|  59|0x00000000c3b00000, 0x00000000c3c00000, 0x00000000c3c00000|100%| E|CS|TAMS 0x00000000c3b00000, 0x00000000c3b00000| Complete 
|  60|0x00000000c3c00000, 0x00000000c3d00000, 0x00000000c3d00000|100%| E|CS|TAMS 0x00000000c3c00000, 0x00000000c3c00000| Complete 
|  61|0x00000000c3d00000, 0x00000000c3e00000, 0x00000000c3e00000|100%| E|CS|TAMS 0x00000000c3d00000, 0x00000000c3d00000| Complete 
|  62|0x00000000c3e00000, 0x00000000c3f00000, 0x00000000c3f00000|100%| E|CS|TAMS 0x00000000c3e00000, 0x00000000c3e00000| Complete 
|  63|0x00000000c3f00000, 0x00000000c4000000, 0x00000000c4000000|100%| E|CS|TAMS 0x00000000c3f00000, 0x00000000c3f00000| Complete 

Card table byte_map: [0x000002f0a6dc0000,0x000002f0a6fc0000] _byte_map_base: 0x000002f0a67c0000

Marking Bits (Prev, Next): (CMBitMap*) 0x000002f0a7014fb8, (CMBitMap*) 0x000002f0a7014ff0
 Prev Bits: [0x000002f0ba0a0000, 0x000002f0bb0a0000)
 Next Bits: [0x000002f0bb0a0000, 0x000002f0bc0a0000)

Polling page: 0x000002f0a4e20000

Metaspace:

Usage:
  Non-class:     10.56 MB capacity,    10.38 MB ( 98%) used,   158.28 KB (  1%) free+waste,    28.19 KB ( <1%) overhead. 
      Class:      1.27 MB capacity,     1.15 MB ( 91%) used,   108.81 KB (  8%) free+waste,    14.38 KB (  1%) overhead. 
       Both:     11.83 MB capacity,    11.53 MB ( 97%) used,   267.09 KB (  2%) free+waste,    42.56 KB ( <1%) overhead. 

Virtual space:
  Non-class space:       12.00 MB reserved,      10.75 MB ( 90%) committed 
      Class space:        1.00 GB reserved,       1.38 MB ( <1%) committed 
             Both:        1.01 GB reserved,      12.13 MB (  1%) committed 

Chunk freelists:
   Non-Class:  3.00 KB
       Class:  0 bytes
        Both:  3.00 KB

CodeHeap 'non-profiled nmethods': size=120064Kb used=240Kb max_used=240Kb free=119823Kb
 bounds [0x000002f0b2960000, 0x000002f0b2bd0000, 0x000002f0b9ea0000]
CodeHeap 'profiled nmethods': size=120000Kb used=1392Kb max_used=1392Kb free=118608Kb
 bounds [0x000002f0ab430000, 0x000002f0ab6a0000, 0x000002f0b2960000]
CodeHeap 'non-nmethods': size=5696Kb used=1137Kb max_used=1150Kb free=4558Kb
 bounds [0x000002f0aaea0000, 0x000002f0ab110000, 0x000002f0ab430000]
 total_blobs=1437 nmethods=816 adapters=390
 compilation: enabled
              stopped_count=0, restarted_count=0
 full_count=0

Compilation events (10 events):
Event: 2.240 Thread 0x000002f0bedf6000  807       3       java.lang.invoke.ClassSpecializer::className (33 bytes)
Event: 2.241 Thread 0x000002f0bedf6000 nmethod 807 0x000002f0ab587390 code [0x000002f0ab587560, 0x000002f0ab5877b0]
Event: 2.241 Thread 0x000002f0bedf6000  808       3       java.util.ArrayList::grow (18 bytes)
Event: 2.242 Thread 0x000002f0bedf6000 nmethod 808 0x000002f0ab587890 code [0x000002f0ab587a60, 0x000002f0ab587d20]
Event: 2.242 Thread 0x000002f0bedf6000  809       3       java.util.ArrayList::newCapacity (65 bytes)
Event: 2.243 Thread 0x000002f0bedf6000 nmethod 809 0x000002f0ab587e90 code [0x000002f0ab5880a0, 0x000002f0ab588680]
Event: 2.244 Thread 0x000002f0bedf6000  811       3       jdk.internal.org.objectweb.asm.MethodWriter::visitFrame (233 bytes)
Event: 2.245 Thread 0x000002f0bedf6000 nmethod 811 0x000002f0ab588810 code [0x000002f0ab588a40, 0x000002f0ab589260]
Event: 2.246 Thread 0x000002f0bedf6000  812       3       java.lang.invoke.MemberName::<init> (25 bytes)
Event: 2.246 Thread 0x000002f0bedf6000 nmethod 812 0x000002f0ab589610 code [0x000002f0ab589800, 0x000002f0ab589a90]

GC Heap History (2 events):
Event: 1.331 GC heap before
{Heap before GC invocations=0 (full 0):
 garbage-first heap   total 65536K, used 6144K [0x00000000c0000000, 0x0000000100000000)
  region size 1024K, 7 young (7168K), 0 survivors (0K)
 Metaspace       used 9290K, capacity 9459K, committed 9728K, reserved 1058816K
  class space    used 865K, capacity 944K, committed 1024K, reserved 1048576K
}
Event: 1.352 GC heap after
{Heap after GC invocations=1 (full 0):
 garbage-first heap   total 65536K, used 1613K [0x00000000c0000000, 0x0000000100000000)
  region size 1024K, 1 young (1024K), 1 survivors (1024K)
 Metaspace       used 9290K, capacity 9459K, committed 9728K, reserved 1058816K
  class space    used 865K, capacity 944K, committed 1024K, reserved 1048576K
}

Deoptimization events (10 events):
Event: 1.079 Thread 0x000002f0bec86000 DEOPT PACKING pc=0x000002f0b296e890 sp=0x000000f8466fe3e0
Event: 1.079 Thread 0x000002f0bec86000 DEOPT UNPACKING pc=0x000002f0aaec8129 sp=0x000000f8466fe320 mode 2
Event: 1.129 Thread 0x000002f0bec86000 Uncommon trap: trap_request=0xffffff4d fr.pc=0x000002f0b297eaf8 relative=0x0000000000000338
Event: 1.129 Thread 0x000002f0bec86000 Uncommon trap: reason=unstable_if action=reinterpret pc=0x000002f0b297eaf8 method=java.lang.StringLatin1.indexOf([BI[BII)I @ 80 c2
Event: 1.129 Thread 0x000002f0bec86000 DEOPT PACKING pc=0x000002f0b297eaf8 sp=0x000000f8466fcae0
Event: 1.129 Thread 0x000002f0bec86000 DEOPT UNPACKING pc=0x000002f0aaec8129 sp=0x000000f8466fca68 mode 2
Event: 1.987 Thread 0x000002f0a6fe7000 Uncommon trap: trap_request=0xffffff4d fr.pc=0x000002f0b2993498 relative=0x0000000000000318
Event: 1.987 Thread 0x000002f0a6fe7000 Uncommon trap: reason=unstable_if action=reinterpret pc=0x000002f0b2993498 method=jdk.internal.org.objectweb.asm.Type.getArgumentsAndReturnSizes(Ljava/lang/String;)I @ 88 c2
Event: 1.987 Thread 0x000002f0a6fe7000 DEOPT PACKING pc=0x000002f0b2993498 sp=0x000000f845cfd060
Event: 1.987 Thread 0x000002f0a6fe7000 DEOPT UNPACKING pc=0x000002f0aaec8129 sp=0x000000f845cfcff0 mode 2

Classes redefined (0 events):
No events

Internal exceptions (10 events):
Event: 1.556 Thread 0x000002f0a6fe7000 Exception <a 'java/lang/NoSuchMethodError'{0x00000000c3f36e30}: 'void java.lang.invoke.DirectMethodHandle$Holder.invokeSpecial(java.lang.Object, java.lang.Object)'> (0x00000000c3f36e30) thrown at [c:/BuildAgent/work/5ff2f6c26000d570/src/hotspot/share/inte
Event: 1.649 Thread 0x000002f0a6fe7000 Exception <a 'java/lang/NoSuchMethodError'{0x00000000c3d03680}: 'java.lang.Object java.lang.invoke.DirectMethodHandle$Holder.invokeStatic(java.lang.Object, java.lang.Object, int, java.lang.Object)'> (0x00000000c3d03680) thrown at [c:/BuildAgent/work/5ff2f
Event: 1.654 Thread 0x000002f0a6fe7000 Exception <a 'java/lang/NoSuchMethodError'{0x00000000c3d0a158}: 'java.lang.Object java.lang.invoke.Invokers$Holder.linkToTargetMethod(java.lang.Object, int, java.lang.Object, java.lang.Object)'> (0x00000000c3d0a158) thrown at [c:/BuildAgent/work/5ff2f6c26
Event: 1.960 Thread 0x000002f0bf3fb800 Exception <a 'java/lang/NoSuchMethodError'{0x00000000c3a59e60}: 'void java.lang.invoke.DirectMethodHandle$Holder.invokeStaticInit(java.lang.Object)'> (0x00000000c3a59e60) thrown at [c:/BuildAgent/work/5ff2f6c26000d570/src/hotspot/share/interpreter/linkRes
Event: 1.970 Thread 0x000002f0a6fe7000 Exception <a 'java/lang/NoSuchMethodError'{0x00000000c3d1a018}: 'java.lang.Object java.lang.invoke.Invokers$Holder.linkToTargetMethod(java.lang.Object, java.lang.Object, java.lang.Object, java.lang.Object, java.lang.Object, java.lang.Object)'> (0x00000000
Event: 2.214 Thread 0x000002f0bf3fb800 Exception <a 'java/lang/NoSuchMethodError'{0x00000000c36c2b50}: 'java.lang.Object java.lang.invoke.DirectMethodHandle$Holder.invokeStatic(java.lang.Object, java.lang.Object, java.lang.Object, java.lang.Object, java.lang.Object, java.lang.Object, java.lang
Event: 2.219 Thread 0x000002f0bf3fb800 Exception <a 'java/lang/NoSuchMethodError'{0x00000000c36d0700}: 'java.lang.Object java.lang.invoke.DirectMethodHandle$Holder.invokeStatic(java.lang.Object, java.lang.Object, java.lang.Object, java.lang.Object, java.lang.Object, java.lang.Object, java.lang
Event: 2.221 Thread 0x000002f0bf3fb800 Exception <a 'java/lang/NoSuchMethodError'{0x00000000c36de370}: 'java.lang.Object java.lang.invoke.DirectMethodHandle$Holder.invokeSpecial(java.lang.Object, java.lang.Object, int, int, java.lang.Object, java.lang.Object, java.lang.Object)'> (0x00000000c36
Event: 2.222 Thread 0x000002f0bf3fb800 Exception <a 'java/lang/NoSuchMethodError'{0x00000000c36e1900}: 'java.lang.Object java.lang.invoke.DelegatingMethodHandle$Holder.reinvoke_L(java.lang.Object, int, int, java.lang.Object, java.lang.Object, java.lang.Object)'> (0x00000000c36e1900) thrown at 
Event: 2.224 Thread 0x000002f0bf3fb800 Exception <a 'java/lang/NoSuchMethodError'{0x00000000c36e5dd8}: 'java.lang.Object java.lang.invoke.DirectMethodHandle$Holder.invokeStatic(java.lang.Object, java.lang.Object, java.lang.Object, java.lang.Object, int)'> (0x00000000c36e5dd8) thrown at [c:/Bui

Events (10 events):
Event: 2.218 loading class java/lang/invoke/BoundMethodHandle$Species_LLLLLLLLLLLLL
Event: 2.219 loading class java/lang/invoke/BoundMethodHandle$Species_LLLLLLLLLLLLL done
Event: 2.223 loading class java/lang/invoke/BoundMethodHandle$Species_LI
Event: 2.223 loading class java/lang/invoke/BoundMethodHandle$Species_LI done
Event: 2.226 loading class java/lang/invoke/BoundMethodHandle$Species_LII
Event: 2.226 loading class java/lang/invoke/BoundMethodHandle$Species_LII done
Event: 2.234 loading class java/lang/invoke/BoundMethodHandle$Species_LIIL
Event: 2.234 loading class java/lang/invoke/BoundMethodHandle$Species_LIIL done
Event: 2.240 loading class java/lang/invoke/BoundMethodHandle$Species_LIILL
Event: 2.240 loading class java/lang/invoke/BoundMethodHandle$Species_LIILL done


Dynamic libraries:
0x00007ff6f42a0000 - 0x00007ff6f42e7000 	C:\Users\gerbe\Downloads\ideaIU-2019.2.3.win\jbr\bin\java.exe
0x00007ff854b20000 - 0x00007ff854d10000 	C:\Windows\SYSTEM32\ntdll.dll
0x00007ff854490000 - 0x00007ff854542000 	C:\Windows\System32\KERNEL32.DLL
0x00007ff852000000 - 0x00007ff8522a3000 	C:\Windows\System32\KERNELBASE.dll
0x00007ff8533f0000 - 0x00007ff853584000 	C:\Windows\System32\USER32.dll
0x00007ff851fa0000 - 0x00007ff851fc1000 	C:\Windows\System32\win32u.dll
0x00007ff853e70000 - 0x00007ff853e96000 	C:\Windows\System32\GDI32.dll
0x00007ff852a30000 - 0x00007ff852bc4000 	C:\Windows\System32\gdi32full.dll
0x00007ff851df0000 - 0x00007ff851e8e000 	C:\Windows\System32\msvcp_win.dll
0x00007ff851c70000 - 0x00007ff851d6a000 	C:\Windows\System32\ucrtbase.dll
0x00007ff843e80000 - 0x00007ff844105000 	C:\Windows\WinSxS\amd64_microsoft.windows.common-controls_6595b64144ccf1df_6.0.18362.535_none_e6c3b34713100821\COMCTL32.dll
0x00007ff853db0000 - 0x00007ff853e4e000 	C:\Windows\System32\msvcrt.dll
0x00007ff853040000 - 0x00007ff853376000 	C:\Windows\System32\combase.dll
0x00007ff8549c0000 - 0x00007ff854ae0000 	C:\Windows\System32\RPCRT4.dll
0x00007ff851d70000 - 0x00007ff851df0000 	C:\Windows\System32\bcryptPrimitives.dll
0x00007ff854910000 - 0x00007ff85493e000 	C:\Windows\System32\IMM32.DLL
0x00007ff84b990000 - 0x00007ff84b9a7000 	C:\Users\gerbe\Downloads\ideaIU-2019.2.3.win\jbr\bin\vcruntime140.dll
0x00007ff83cb60000 - 0x00007ff83cbfd000 	C:\Users\gerbe\Downloads\ideaIU-2019.2.3.win\jbr\bin\msvcp140.dll
0x00007ff827190000 - 0x00007ff827c48000 	C:\Users\gerbe\Downloads\ideaIU-2019.2.3.win\jbr\bin\server\jvm.dll
0x00007ff8546f0000 - 0x00007ff854793000 	C:\Windows\System32\ADVAPI32.dll
0x00007ff8547a0000 - 0x00007ff854837000 	C:\Windows\System32\sechost.dll
0x00007ff854180000 - 0x00007ff854188000 	C:\Windows\System32\PSAPI.DLL
0x00007ff849570000 - 0x00007ff849579000 	C:\Windows\SYSTEM32\WSOCK32.dll
0x00007ff854940000 - 0x00007ff8549af000 	C:\Windows\System32\WS2_32.dll
0x00007ff84e6b0000 - 0x00007ff84e6d4000 	C:\Windows\SYSTEM32\WINMM.dll
0x00007ff84a640000 - 0x00007ff84a64a000 	C:\Windows\SYSTEM32\VERSION.dll
0x00007ff84e680000 - 0x00007ff84e6ad000 	C:\Windows\SYSTEM32\WINMMBASE.dll
0x00007ff851ab0000 - 0x00007ff851afa000 	C:\Windows\System32\cfgmgr32.dll
0x00007ff851a00000 - 0x00007ff851a11000 	C:\Windows\System32\kernel.appcore.dll
0x00007ff84b710000 - 0x00007ff84b721000 	C:\Users\gerbe\Downloads\ideaIU-2019.2.3.win\jbr\bin\verify.dll
0x00007ff843830000 - 0x00007ff843a24000 	C:\Windows\SYSTEM32\DBGHELP.DLL
0x00007ff843710000 - 0x00007ff84373a000 	C:\Windows\SYSTEM32\dbgcore.DLL
0x00007ff84b070000 - 0x00007ff84b099000 	C:\Users\gerbe\Downloads\ideaIU-2019.2.3.win\jbr\bin\java.dll
0x00007ff84b5c0000 - 0x00007ff84b5f4000 	C:\Users\gerbe\Downloads\ideaIU-2019.2.3.win\jbr\bin\instrument.dll
0x00007ff84b6f0000 - 0x00007ff84b707000 	C:\Users\gerbe\Downloads\ideaIU-2019.2.3.win\jbr\bin\zip.dll
0x00007ff84e2d0000 - 0x00007ff84e2db000 	C:\Users\gerbe\Downloads\ideaIU-2019.2.3.win\jbr\bin\jimage.dll
0x00007ff853590000 - 0x00007ff853c75000 	C:\Windows\System32\SHELL32.dll
0x00007ff854280000 - 0x00007ff854329000 	C:\Windows\System32\shcore.dll
0x00007ff8522b0000 - 0x00007ff852a2f000 	C:\Windows\System32\windows.storage.dll
0x00007ff851a70000 - 0x00007ff851a8f000 	C:\Windows\System32\profapi.dll
0x00007ff851a20000 - 0x00007ff851a6a000 	C:\Windows\System32\powrprof.dll
0x00007ff8519f0000 - 0x00007ff851a00000 	C:\Windows\System32\UMPDC.dll
0x00007ff854690000 - 0x00007ff8546e2000 	C:\Windows\System32\shlwapi.dll
0x00007ff851b00000 - 0x00007ff851b17000 	C:\Windows\System32\cryptsp.dll
0x00007ff84b2c0000 - 0x00007ff84b2da000 	C:\Users\gerbe\Downloads\ideaIU-2019.2.3.win\jbr\bin\net.dll
0x00007ff848400000 - 0x00007ff8484f0000 	C:\Windows\SYSTEM32\WINHTTP.dll
0x00007ff847e90000 - 0x00007ff848066000 	C:\Windows\SYSTEM32\urlmon.dll
0x00007ff847be0000 - 0x00007ff847e86000 	C:\Windows\SYSTEM32\iertutil.dll
0x00007ff851430000 - 0x00007ff85143c000 	C:\Windows\SYSTEM32\CRYPTBASE.DLL
0x00007ff851260000 - 0x00007ff8512c7000 	C:\Windows\system32\mswsock.dll
0x00007ff84b110000 - 0x00007ff84b124000 	C:\Users\gerbe\Downloads\ideaIU-2019.2.3.win\jbr\bin\nio.dll
0x00007ff84be50000 - 0x00007ff84be6a000 	C:\Users\gerbe\Downloads\ideaIU-2019.2.3.win\bin\breakgen64.dll
0x000002f0a6740000 - 0x000002f0a6743000 	C:\Users\gerbe\Downloads\ideaIU-2019.2.3.win\jbr\bin\api-ms-win-core-console-l1-1-0.dll
0x000002f0a6750000 - 0x000002f0a6753000 	C:\Users\gerbe\Downloads\ideaIU-2019.2.3.win\jbr\bin\api-ms-win-core-datetime-l1-1-0.dll
0x000002f0a6760000 - 0x000002f0a6763000 	C:\Users\gerbe\Downloads\ideaIU-2019.2.3.win\jbr\bin\api-ms-win-core-debug-l1-1-0.dll
0x000002f0a6770000 - 0x000002f0a6773000 	C:\Users\gerbe\Downloads\ideaIU-2019.2.3.win\jbr\bin\api-ms-win-core-errorhandling-l1-1-0.dll
0x000002f0a6780000 - 0x000002f0a6784000 	C:\Users\gerbe\Downloads\ideaIU-2019.2.3.win\jbr\bin\api-ms-win-core-file-l1-1-0.dll
0x000002f0a6790000 - 0x000002f0a6793000 	C:\Users\gerbe\Downloads\ideaIU-2019.2.3.win\jbr\bin\api-ms-win-core-file-l1-2-0.dll
0x000002f0a67a0000 - 0x000002f0a67a3000 	C:\Users\gerbe\Downloads\ideaIU-2019.2.3.win\jbr\bin\api-ms-win-core-file-l2-1-0.dll
0x000002f0bf9d0000 - 0x000002f0bf9d3000 	C:\Users\gerbe\Downloads\ideaIU-2019.2.3.win\jbr\bin\api-ms-win-core-handle-l1-1-0.dll
0x000002f0bf9e0000 - 0x000002f0bf9e3000 	C:\Users\gerbe\Downloads\ideaIU-2019.2.3.win\jbr\bin\api-ms-win-core-heap-l1-1-0.dll
0x000002f0bf9f0000 - 0x000002f0bf9f3000 	C:\Users\gerbe\Downloads\ideaIU-2019.2.3.win\jbr\bin\api-ms-win-core-interlocked-l1-1-0.dll
0x000002f0bfa00000 - 0x000002f0bfa03000 	C:\Users\gerbe\Downloads\ideaIU-2019.2.3.win\jbr\bin\api-ms-win-core-libraryloader-l1-1-0.dll
0x000002f0bfa10000 - 0x000002f0bfa13000 	C:\Users\gerbe\Downloads\ideaIU-2019.2.3.win\jbr\bin\api-ms-win-core-localization-l1-2-0.dll
0x000002f0bfa20000 - 0x000002f0bfa23000 	C:\Users\gerbe\Downloads\ideaIU-2019.2.3.win\jbr\bin\api-ms-win-core-memory-l1-1-0.dll
0x000002f0bfa30000 - 0x000002f0bfa33000 	C:\Users\gerbe\Downloads\ideaIU-2019.2.3.win\jbr\bin\api-ms-win-core-namedpipe-l1-1-0.dll
0x000002f0bfa40000 - 0x000002f0bfa43000 	C:\Users\gerbe\Downloads\ideaIU-2019.2.3.win\jbr\bin\api-ms-win-core-processenvironment-l1-1-0.dll
0x000002f0bfa50000 - 0x000002f0bfa53000 	C:\Users\gerbe\Downloads\ideaIU-2019.2.3.win\jbr\bin\api-ms-win-core-processthreads-l1-1-0.dll
0x000002f0bfa60000 - 0x000002f0bfa63000 	C:\Users\gerbe\Downloads\ideaIU-2019.2.3.win\jbr\bin\api-ms-win-core-processthreads-l1-1-1.dll
0x000002f0bfa70000 - 0x000002f0bfa73000 	C:\Users\gerbe\Downloads\ideaIU-2019.2.3.win\jbr\bin\api-ms-win-core-profile-l1-1-0.dll
0x000002f0bfa80000 - 0x000002f0bfa83000 	C:\Users\gerbe\Downloads\ideaIU-2019.2.3.win\jbr\bin\api-ms-win-core-rtlsupport-l1-1-0.dll
0x000002f0bfa90000 - 0x000002f0bfa93000 	C:\Users\gerbe\Downloads\ideaIU-2019.2.3.win\jbr\bin\api-ms-win-core-string-l1-1-0.dll
0x000002f0bfaa0000 - 0x000002f0bfaa3000 	C:\Users\gerbe\Downloads\ideaIU-2019.2.3.win\jbr\bin\api-ms-win-core-synch-l1-1-0.dll
0x000002f0bfab0000 - 0x000002f0bfab3000 	C:\Users\gerbe\Downloads\ideaIU-2019.2.3.win\jbr\bin\api-ms-win-core-synch-l1-2-0.dll
0x000002f0bfac0000 - 0x000002f0bfac3000 	C:\Users\gerbe\Downloads\ideaIU-2019.2.3.win\jbr\bin\api-ms-win-core-sysinfo-l1-1-0.dll
0x000002f0bfad0000 - 0x000002f0bfad3000 	C:\Users\gerbe\Downloads\ideaIU-2019.2.3.win\jbr\bin\api-ms-win-core-timezone-l1-1-0.dll
0x000002f0bfae0000 - 0x000002f0bfae3000 	C:\Users\gerbe\Downloads\ideaIU-2019.2.3.win\jbr\bin\api-ms-win-core-util-l1-1-0.dll
0x000002f0bfaf0000 - 0x000002f0bfaf3000 	C:\Users\gerbe\Downloads\ideaIU-2019.2.3.win\jbr\bin\api-ms-win-crt-conio-l1-1-0.dll
0x000002f0bfb00000 - 0x000002f0bfb04000 	C:\Users\gerbe\Downloads\ideaIU-2019.2.3.win\jbr\bin\api-ms-win-crt-convert-l1-1-0.dll
0x000002f0bfb10000 - 0x000002f0bfb13000 	C:\Users\gerbe\Downloads\ideaIU-2019.2.3.win\jbr\bin\api-ms-win-crt-environment-l1-1-0.dll
0x000002f0bfb20000 - 0x000002f0bfb23000 	C:\Users\gerbe\Downloads\ideaIU-2019.2.3.win\jbr\bin\api-ms-win-crt-filesystem-l1-1-0.dll
0x000002f0bfb30000 - 0x000002f0bfb33000 	C:\Users\gerbe\Downloads\ideaIU-2019.2.3.win\jbr\bin\api-ms-win-crt-heap-l1-1-0.dll
0x000002f0bfb40000 - 0x000002f0bfb43000 	C:\Users\gerbe\Downloads\ideaIU-2019.2.3.win\jbr\bin\api-ms-win-crt-locale-l1-1-0.dll
0x000002f0bfb50000 - 0x000002f0bfb55000 	C:\Users\gerbe\Downloads\ideaIU-2019.2.3.win\jbr\bin\api-ms-win-crt-math-l1-1-0.dll
0x000002f0bfb60000 - 0x000002f0bfb65000 	C:\Users\gerbe\Downloads\ideaIU-2019.2.3.win\jbr\bin\api-ms-win-crt-multibyte-l1-1-0.dll
0x000002f0bfb70000 - 0x000002f0bfb80000 	C:\Users\gerbe\Downloads\ideaIU-2019.2.3.win\jbr\bin\api-ms-win-crt-private-l1-1-0.dll
0x000002f0bfb80000 - 0x000002f0bfb83000 	C:\Users\gerbe\Downloads\ideaIU-2019.2.3.win\jbr\bin\api-ms-win-crt-process-l1-1-0.dll
0x000002f0bfb90000 - 0x000002f0bfb94000 	C:\Users\gerbe\Downloads\ideaIU-2019.2.3.win\jbr\bin\api-ms-win-crt-runtime-l1-1-0.dll
0x000002f0bfba0000 - 0x000002f0bfba4000 	C:\Users\gerbe\Downloads\ideaIU-2019.2.3.win\jbr\bin\api-ms-win-crt-stdio-l1-1-0.dll
0x000002f0bfbb0000 - 0x000002f0bfbb4000 	C:\Users\gerbe\Downloads\ideaIU-2019.2.3.win\jbr\bin\api-ms-win-crt-string-l1-1-0.dll
0x000002f0bfbc0000 - 0x000002f0bfbc3000 	C:\Users\gerbe\Downloads\ideaIU-2019.2.3.win\jbr\bin\api-ms-win-crt-time-l1-1-0.dll
0x000002f0bfbd0000 - 0x000002f0bfbd3000 	C:\Users\gerbe\Downloads\ideaIU-2019.2.3.win\jbr\bin\api-ms-win-crt-utility-l1-1-0.dll
0x00007ff83be10000 - 0x00007ff83bf0a000 	C:\Users\gerbe\Downloads\ideaIU-2019.2.3.win\jbr\bin\ucrtbase.dll
0x00007ff84b140000 - 0x00007ff84b191000 	C:\Windows\System32\concrt140.dll
0x00007ff84b890000 - 0x00007ff84b8b3000 	C:\Users\gerbe\Downloads\ideaIU-2019.2.3.win\jbr\bin\prism_d3d.dll
0x00007ff83a9c0000 - 0x00007ff83ab87000 	C:\Windows\system32\d3d9.dll
0x00007ff850190000 - 0x00007ff8501bd000 	C:\Windows\SYSTEM32\dwmapi.dll
0x00007ff850660000 - 0x00007ff850680000 	C:\Windows\SYSTEM32\dxcore.dll
0x00007ff84fd20000 - 0x00007ff84fdb9000 	C:\Windows\system32\uxtheme.dll
0x00007ff84a670000 - 0x00007ff84a77e000 	C:\Windows\SYSTEM32\aticfx64.dll
0x00007ff84bf80000 - 0x00007ff84bf8f000 	C:\Windows\SYSTEM32\atiu9p64.dll
0x00007ff82e6e0000 - 0x00007ff82ee10000 	C:\Windows\SYSTEM32\atiumd64.dll
0x0000000063ec0000 - 0x00000000642de000 	C:\Windows\SYSTEM32\atiumd6a.dll
0x00007ff846520000 - 0x00007ff846565000 	C:\Users\gerbe\Downloads\ideaIU-2019.2.3.win\jbr\bin\glass.dll
0x00007ff853ce0000 - 0x00007ff853db0000 	C:\Windows\System32\COMDLG32.dll
0x00007ff854330000 - 0x00007ff854486000 	C:\Windows\System32\ole32.dll
0x00007ff854840000 - 0x00007ff854904000 	C:\Windows\System32\OLEAUT32.dll
0x00007ff854550000 - 0x00007ff854685000 	C:\Windows\System32\MSCTF.dll

dbghelp: loaded successfully - version: 4.0.5 - missing functions: none
symbol engine: initialized successfully - sym options: 0x614 - pdb path: .;C:\Users\gerbe\Downloads\ideaIU-2019.2.3.win\jbr\bin;C:\Windows\SYSTEM32;C:\Windows\WinSxS\amd64_microsoft.windows.common-controls_6595b64144ccf1df_6.0.18362.535_none_e6c3b34713100821;C:\Users\gerbe\Downloads\ideaIU-2019.2.3.win\jbr\bin\server;C:\Users\gerbe\Downloads\ideaIU-2019.2.3.win\bin

VM Arguments:
jvm_args: -javaagent:C:\Users\gerbe\Downloads\ideaIU-2019.2.3.win\lib\idea_rt.jar=56560:C:\Users\gerbe\Downloads\ideaIU-2019.2.3.win\bin -Dfile.encoding=UTF-8 
java_command: sample.Main
java_class_path (initial): C:\Users\gerbe\IdeaProjects\coding-game\out\production\coding-game
Launcher Type: SUN_STANDARD

[Global flags]
     intx CICompilerCount                          = 2                                         {product} {ergonomic}
     uint ConcGCThreads                            = 1                                         {product} {ergonomic}
     uint G1ConcRefinementThreads                  = 2                                         {product} {ergonomic}
   size_t G1HeapRegionSize                         = 1048576                                   {product} {ergonomic}
    uintx GCDrainStackTargetSize                   = 64                                        {product} {ergonomic}
   size_t InitialHeapSize                          = 67108864                                  {product} {ergonomic}
   size_t MarkStackSize                            = 4194304                                   {product} {ergonomic}
   size_t MaxHeapSize                              = 1073741824                                {product} {ergonomic}
   size_t MaxNewSize                               = 643825664                                 {product} {ergonomic}
   size_t MinHeapDeltaBytes                        = 1048576                                   {product} {ergonomic}
    uintx NonNMethodCodeHeapSize                   = 5824844                                {pd product} {ergonomic}
    uintx NonProfiledCodeHeapSize                  = 122916698                              {pd product} {ergonomic}
    uintx ProfiledCodeHeapSize                     = 122916698                              {pd product} {ergonomic}
    uintx ReservedCodeCacheSize                    = 251658240                              {pd product} {ergonomic}
     bool SegmentedCodeCache                       = true                                      {product} {ergonomic}
     bool UseCompressedClassPointers               = true                                 {lp64_product} {ergonomic}
     bool UseCompressedOops                        = true                                 {lp64_product} {ergonomic}
     bool UseG1GC                                  = true                                      {product} {ergonomic}
     bool UseLargePagesIndividualAllocation        = false                                  {pd product} {ergonomic}

Logging:
Log output configuration:
 #0: stdout all=warning uptime,level,tags
 #1: stderr all=off uptime,level,tags

Environment Variables:
PATH=C:\Program Files (x86)\Common Files\Oracle\Java\javapath;C:\Users\gerbe\gcc\bin;C:\Users\gerbe\gcc\libexec\gcc\x86_64-w64-mingw32\9.2.0;C:\Inprise\vbroker\bin;C:\Oracle18c-EX\dbhomeXE\bin;C:\Windows\system32;C:\Windows;C:\Windows\System32\Wbem;C:\Windows\System32\WindowsPowerShell\v1.0\;C:\Windows\System32\OpenSSH\;C:\Users\gerbe\Downloads\php-7.3.10-Win32-VC15-x64;C:\Program Files\nodejs\;C:\Program Files (x86)\CMake\bin;C:\Users\gerbe\AppData\Local\Programs\Python\Python37-32;C:\Users\gerbe\AppData\Local\Programs\Python\Python37-32\Scripts;C:\Program Files\dotnet\;C:\Program Files\Git\cmd;C:\Users\gerbe\AppData\Local\Microsoft\WindowsApps;C:\Program Files\JetBrains\PyCharm Community Edition 2019.2.1\bin;;C:\Program Files (x86)\release\bin;;C:\Program Files\JetBrains\PyCharm 2019.2.3\bin;;C:\Program Files\JetBrains\PhpStorm 2019.2.3\bin;;C:\Program Files\JetBrains\WebStorm 2019.2.3\bin;;C:\Users\gerbe\AppData\Roaming\npm
USERNAME=gerbe
OS=Windows_NT
PROCESSOR_IDENTIFIER=AMD64 Family 16 Model 6 Stepping 2, AuthenticAMD



---------------  S Y S T E M  ---------------

OS: Windows 10 , 64 bit Build 18362 (10.0.18362.329)

CPU:total 2 (initial active 2) (2 cores per cpu, 1 threads per core) family 16 model 6 stepping 2, cmov, cx8, fxsr, mmx, sse, sse2, sse3, popcnt, mmxext, 3dnowpref, lzcnt, sse4a, tsc, tscinvbit, tscinv

Memory: 4k page, system-wide physical 4092M (418M free)
TotalPageFile size 6140M (AvailPageFile size 4M)
current process WorkingSet (physical memory assigned to process): 76M, peak: 76M
current process commit charge ("private bytes"): 155M, peak: 156M

vm_info: OpenJDK 64-Bit Server VM (11.0.4+10-b304.69) for windows-amd64 JRE (11.0.4+10-b304.69), built on Sep  9 2019 11:39:50 by "" with MS VC++ 14.0 (VS2015)

END.
