#
# There is insufficient memory for the Java Runtime Environment to continue.
# Native memory allocation (malloc) failed to allocate 662896 bytes for Chunk::new
# Possible reasons:
#   The system is out of physical RAM or swap space
#   The process is running with CompressedOops enabled, and the Java Heap may be blocking the growth of the native heap
# Possible solutions:
#   Reduce memory load on the system
#   Increase physical memory or swap space
#   Check if swap backing store is full
#   Decrease Java heap size (-Xmx/-Xms)
#   Decrease number of Java threads
#   Decrease Java thread stack sizes (-Xss)
#   Set larger code cache with -XX:ReservedCodeCacheSize=
#   JVM is running with Unscaled Compressed Oops mode in which the Java heap is
#     placed in the first 4GB address space. The Java Heap base address is the
#     maximum limit for the native heap growth. Please use -XX:HeapBaseMinAddress
#     to set the Java Heap base and to place the Java Heap above 4GB virtual address.
# This output file may be truncated or incomplete.
#
#  Out of Memory Error (c:/BuildAgent/work/5ff2f6c26000d570/src/hotspot/share/memory/arena.cpp:197), pid=9872, tid=1824
#
# JRE version: OpenJDK Runtime Environment (11.0.4+10) (build 11.0.4+10-b304.69)
# Java VM: OpenJDK 64-Bit Server VM (11.0.4+10-b304.69, mixed mode, tiered, compressed oops, g1 gc, windows-amd64)
# No core dump will be written. Minidumps are not enabled by default on client versions of Windows
#

---------------  S U M M A R Y ------------

Command Line: -javaagent:C:\Users\gerbe\Downloads\ideaIU-2019.2.3.win\lib\idea_rt.jar=56567:C:\Users\gerbe\Downloads\ideaIU-2019.2.3.win\bin -Dfile.encoding=UTF-8 sample.Main

Host: AMD Turion(tm) II Dual-Core Mobile M500, 2 cores, 3G,  Windows 10 , 64 bit Build 18362 (10.0.18362.329)
Time: Wed Jan 15 15:58:19 2020 RTZ 2 (ceia) elapsed time: 3 seconds (0d 0h 0m 3s)

---------------  T H R E A D  ---------------

Current thread (0x000001e3ffc38000):  JavaThread "C2 CompilerThread0" daemon [_thread_in_native, id=1824, stack(0x00000025e6300000,0x00000025e6400000)]


Current CompileTask:
C2:   3291 1035       4       java.lang.invoke.MethodType::makeImpl (108 bytes)

Stack: [0x00000025e6300000,0x00000025e6400000]
Native frames: (J=compiled Java code, j=interpreted, Vv=VM code, C=native code)
V  [jvm.dll+0x5db31a]
V  [jvm.dll+0x70c395]
V  [jvm.dll+0x70d8b8]
V  [jvm.dll+0x70df83]
V  [jvm.dll+0x23dbb8]
V  [jvm.dll+0xb91fc]
V  [jvm.dll+0xb96fc]
V  [jvm.dll+0x34f3cb]
V  [jvm.dll+0x31d333]
V  [jvm.dll+0x31c8ca]
V  [jvm.dll+0x1f7832]
V  [jvm.dll+0x1f6a04]
V  [jvm.dll+0x17fd7c]
V  [jvm.dll+0x204d17]
V  [jvm.dll+0x2035b2]
V  [jvm.dll+0x6d956f]
V  [jvm.dll+0x6d236d]
V  [jvm.dll+0x5da5e6]
C  [ucrtbase.dll+0x20e72]
C  [KERNEL32.DLL+0x17bd4]
C  [ntdll.dll+0x6ced1]


---------------  P R O C E S S  ---------------

Threads class SMR info:
_java_thread_list=0x000001e39902b250, length=16, elements={
0x000001e3ff577000, 0x000001e3ffbd1800, 0x000001e3ffbd2800, 0x000001e3ffc34000,
0x000001e3ffc36000, 0x000001e3ffc38000, 0x000001e3ffc6b800, 0x000001e398a36000,
0x000001e398ac8800, 0x000001e398c18000, 0x000001e398c19000, 0x000001e398c45800,
0x000001e398fb6800, 0x000001e39901a800, 0x000001e398dea800, 0x000001e3990d1800
}

Java Threads: ( => current thread )
  0x000001e3ff577000 JavaThread "main" [_thread_blocked, id=216, stack(0x00000025e5800000,0x00000025e5900000)]
  0x000001e3ffbd1800 JavaThread "Reference Handler" daemon [_thread_blocked, id=9956, stack(0x00000025e5f00000,0x00000025e6000000)]
  0x000001e3ffbd2800 JavaThread "Finalizer" daemon [_thread_blocked, id=7416, stack(0x00000025e6000000,0x00000025e6100000)]
  0x000001e3ffc34000 JavaThread "Signal Dispatcher" daemon [_thread_blocked, id=5336, stack(0x00000025e6100000,0x00000025e6200000)]
  0x000001e3ffc36000 JavaThread "Attach Listener" daemon [_thread_blocked, id=812, stack(0x00000025e6200000,0x00000025e6300000)]
=>0x000001e3ffc38000 JavaThread "C2 CompilerThread0" daemon [_thread_in_native, id=1824, stack(0x00000025e6300000,0x00000025e6400000)]
  0x000001e3ffc6b800 JavaThread "C1 CompilerThread0" daemon [_thread_in_native, id=2552, stack(0x00000025e6400000,0x00000025e6500000)]
  0x000001e398a36000 JavaThread "Sweeper thread" daemon [_thread_blocked, id=10568, stack(0x00000025e6500000,0x00000025e6600000)]
  0x000001e398ac8800 JavaThread "Common-Cleaner" daemon [_thread_blocked, id=9880, stack(0x00000025e6600000,0x00000025e6700000)]
  0x000001e398c18000 JavaThread "Monitor Ctrl-Break" daemon [_thread_in_native, id=2320, stack(0x00000025e6700000,0x00000025e6800000)]
  0x000001e398c19000 JavaThread "Service Thread" daemon [_thread_blocked, id=6084, stack(0x00000025e6800000,0x00000025e6900000)]
  0x000001e398c45800 JavaThread "QuantumRenderer-0" daemon [_thread_blocked, id=11232, stack(0x00000025e6b00000,0x00000025e6c00000)]
  0x000001e398fb6800 JavaThread "InvokeLaterDispatcher" daemon [_thread_blocked, id=5140, stack(0x00000025e6c00000,0x00000025e6d00000)]
  0x000001e39901a800 JavaThread "JavaFX Application Thread" [_thread_in_Java, id=8656, stack(0x00000025e6d00000,0x00000025e6e00000)]
  0x000001e398dea800 JavaThread "JavaFX-Launcher" [_thread_blocked, id=8024, stack(0x00000025e7300000,0x00000025e7400000)]
  0x000001e3990d1800 JavaThread "Thread-2" daemon [_thread_in_native, id=820, stack(0x00000025e7200000,0x00000025e7300000)]

Other Threads:
  0x000001e3ffb93800 VMThread "VM Thread" [stack: 0x00000025e5e00000,0x00000025e5f00000] [id=9280]
  0x000001e398c1b800 WatcherThread [stack: 0x00000025e6900000,0x00000025e6a00000] [id=4136]
  0x000001e3ff58c000 GCTaskThread "GC Thread#0" [stack: 0x00000025e5900000,0x00000025e5a00000] [id=8056]
  0x000001e398f9b000 GCTaskThread "GC Thread#1" [stack: 0x00000025e6a00000,0x00000025e6b00000] [id=7992]
  0x000001e3ff5aa000 ConcurrentGCThread "G1 Main Marker" [stack: 0x00000025e5a00000,0x00000025e5b00000] [id=1128]
  0x000001e3ff5ab000 ConcurrentGCThread "G1 Conc#0" [stack: 0x00000025e5b00000,0x00000025e5c00000] [id=3148]
  0x000001e3ff5f9000 ConcurrentGCThread "G1 Refine#0" [stack: 0x00000025e5c00000,0x00000025e5d00000] [id=4832]
  0x000001e3ff5fa000 ConcurrentGCThread "G1 Young RemSet Sampling" [stack: 0x00000025e5d00000,0x00000025e5e00000] [id=9096]

Threads with active compile tasks:
C2 CompilerThread01035       4       java.lang.invoke.MethodType::makeImpl (108 bytes)
C1 CompilerThread01072       3       javafx.css.CompoundSelector::<init> (46 bytes)

VM state:not at safepoint (normal execution)

VM Mutex/Monitor currently owned by a thread: None

Heap address: 0x00000000c0000000, size: 1024 MB, Compressed Oops mode: 32-bit
Narrow klass base: 0x0000000000000000, Narrow klass shift: 3
Compressed class space size: 1073741824 Address: 0x0000000100000000

Heap:
 garbage-first heap   total 65536K, used 22094K [0x00000000c0000000, 0x0000000100000000)
  region size 1024K, 23 young (23552K), 1 survivors (1024K)
 Metaspace       used 16049K, capacity 16442K, committed 16512K, reserved 1064960K
  class space    used 1694K, capacity 1877K, committed 1920K, reserved 1048576K
Heap Regions: E=young(eden), S=young(survivor), O=old, HS=humongous(starts), HC=humongous(continues), CS=collection set, F=free, A=archive, TAMS=top-at-mark-start (previous, next)
|   0|0x00000000c0000000, 0x00000000c0093a00, 0x00000000c0100000| 57%| O|  |TAMS 0x00000000c0000000, 0x00000000c0000000| Untracked 
|   1|0x00000000c0100000, 0x00000000c0100000, 0x00000000c0200000|  0%| F|  |TAMS 0x00000000c0100000, 0x00000000c0100000| Untracked 
|   2|0x00000000c0200000, 0x00000000c0200000, 0x00000000c0300000|  0%| F|  |TAMS 0x00000000c0200000, 0x00000000c0200000| Untracked 
|   3|0x00000000c0300000, 0x00000000c0300000, 0x00000000c0400000|  0%| F|  |TAMS 0x00000000c0300000, 0x00000000c0300000| Untracked 
|   4|0x00000000c0400000, 0x00000000c0400000, 0x00000000c0500000|  0%| F|  |TAMS 0x00000000c0400000, 0x00000000c0400000| Untracked 
|   5|0x00000000c0500000, 0x00000000c0500000, 0x00000000c0600000|  0%| F|  |TAMS 0x00000000c0500000, 0x00000000c0500000| Untracked 
|   6|0x00000000c0600000, 0x00000000c0600000, 0x00000000c0700000|  0%| F|  |TAMS 0x00000000c0600000, 0x00000000c0600000| Untracked 
|   7|0x00000000c0700000, 0x00000000c0700000, 0x00000000c0800000|  0%| F|  |TAMS 0x00000000c0700000, 0x00000000c0700000| Untracked 
|   8|0x00000000c0800000, 0x00000000c0800000, 0x00000000c0900000|  0%| F|  |TAMS 0x00000000c0800000, 0x00000000c0800000| Untracked 
|   9|0x00000000c0900000, 0x00000000c0900000, 0x00000000c0a00000|  0%| F|  |TAMS 0x00000000c0900000, 0x00000000c0900000| Untracked 
|  10|0x00000000c0a00000, 0x00000000c0a00000, 0x00000000c0b00000|  0%| F|  |TAMS 0x00000000c0a00000, 0x00000000c0a00000| Untracked 
|  11|0x00000000c0b00000, 0x00000000c0b00000, 0x00000000c0c00000|  0%| F|  |TAMS 0x00000000c0b00000, 0x00000000c0b00000| Untracked 
|  12|0x00000000c0c00000, 0x00000000c0c00000, 0x00000000c0d00000|  0%| F|  |TAMS 0x00000000c0c00000, 0x00000000c0c00000| Untracked 
|  13|0x00000000c0d00000, 0x00000000c0d00000, 0x00000000c0e00000|  0%| F|  |TAMS 0x00000000c0d00000, 0x00000000c0d00000| Untracked 
|  14|0x00000000c0e00000, 0x00000000c0e00000, 0x00000000c0f00000|  0%| F|  |TAMS 0x00000000c0e00000, 0x00000000c0e00000| Untracked 
|  15|0x00000000c0f00000, 0x00000000c0f00000, 0x00000000c1000000|  0%| F|  |TAMS 0x00000000c0f00000, 0x00000000c0f00000| Untracked 
|  16|0x00000000c1000000, 0x00000000c1000000, 0x00000000c1100000|  0%| F|  |TAMS 0x00000000c1000000, 0x00000000c1000000| Untracked 
|  17|0x00000000c1100000, 0x00000000c1100000, 0x00000000c1200000|  0%| F|  |TAMS 0x00000000c1100000, 0x00000000c1100000| Untracked 
|  18|0x00000000c1200000, 0x00000000c1200000, 0x00000000c1300000|  0%| F|  |TAMS 0x00000000c1200000, 0x00000000c1200000| Untracked 
|  19|0x00000000c1300000, 0x00000000c1300000, 0x00000000c1400000|  0%| F|  |TAMS 0x00000000c1300000, 0x00000000c1300000| Untracked 
|  20|0x00000000c1400000, 0x00000000c1400000, 0x00000000c1500000|  0%| F|  |TAMS 0x00000000c1400000, 0x00000000c1400000| Untracked 
|  21|0x00000000c1500000, 0x00000000c1500000, 0x00000000c1600000|  0%| F|  |TAMS 0x00000000c1500000, 0x00000000c1500000| Untracked 
|  22|0x00000000c1600000, 0x00000000c1600000, 0x00000000c1700000|  0%| F|  |TAMS 0x00000000c1600000, 0x00000000c1600000| Untracked 
|  23|0x00000000c1700000, 0x00000000c1700000, 0x00000000c1800000|  0%| F|  |TAMS 0x00000000c1700000, 0x00000000c1700000| Untracked 
|  24|0x00000000c1800000, 0x00000000c1800000, 0x00000000c1900000|  0%| F|  |TAMS 0x00000000c1800000, 0x00000000c1800000| Untracked 
|  25|0x00000000c1900000, 0x00000000c1900000, 0x00000000c1a00000|  0%| F|  |TAMS 0x00000000c1900000, 0x00000000c1900000| Untracked 
|  26|0x00000000c1a00000, 0x00000000c1a00000, 0x00000000c1b00000|  0%| F|  |TAMS 0x00000000c1a00000, 0x00000000c1a00000| Untracked 
|  27|0x00000000c1b00000, 0x00000000c1b00000, 0x00000000c1c00000|  0%| F|  |TAMS 0x00000000c1b00000, 0x00000000c1b00000| Untracked 
|  28|0x00000000c1c00000, 0x00000000c1c00000, 0x00000000c1d00000|  0%| F|  |TAMS 0x00000000c1c00000, 0x00000000c1c00000| Untracked 
|  29|0x00000000c1d00000, 0x00000000c1d00000, 0x00000000c1e00000|  0%| F|  |TAMS 0x00000000c1d00000, 0x00000000c1d00000| Untracked 
|  30|0x00000000c1e00000, 0x00000000c1e00000, 0x00000000c1f00000|  0%| F|  |TAMS 0x00000000c1e00000, 0x00000000c1e00000| Untracked 
|  31|0x00000000c1f00000, 0x00000000c1f00000, 0x00000000c2000000|  0%| F|  |TAMS 0x00000000c1f00000, 0x00000000c1f00000| Untracked 
|  32|0x00000000c2000000, 0x00000000c2000000, 0x00000000c2100000|  0%| F|  |TAMS 0x00000000c2000000, 0x00000000c2000000| Untracked 
|  33|0x00000000c2100000, 0x00000000c2100000, 0x00000000c2200000|  0%| F|  |TAMS 0x00000000c2100000, 0x00000000c2100000| Untracked 
|  34|0x00000000c2200000, 0x00000000c2200000, 0x00000000c2300000|  0%| F|  |TAMS 0x00000000c2200000, 0x00000000c2200000| Untracked 
|  35|0x00000000c2300000, 0x00000000c2300000, 0x00000000c2400000|  0%| F|  |TAMS 0x00000000c2300000, 0x00000000c2300000| Untracked 
|  36|0x00000000c2400000, 0x00000000c2400000, 0x00000000c2500000|  0%| F|  |TAMS 0x00000000c2400000, 0x00000000c2400000| Untracked 
|  37|0x00000000c2500000, 0x00000000c2500000, 0x00000000c2600000|  0%| F|  |TAMS 0x00000000c2500000, 0x00000000c2500000| Untracked 
|  38|0x00000000c2600000, 0x00000000c2600000, 0x00000000c2700000|  0%| F|  |TAMS 0x00000000c2600000, 0x00000000c2600000| Untracked 
|  39|0x00000000c2700000, 0x00000000c2700000, 0x00000000c2800000|  0%| F|  |TAMS 0x00000000c2700000, 0x00000000c2700000| Untracked 
|  40|0x00000000c2800000, 0x00000000c2800000, 0x00000000c2900000|  0%| F|  |TAMS 0x00000000c2800000, 0x00000000c2800000| Untracked 
|  41|0x00000000c2900000, 0x00000000c29ba500, 0x00000000c2a00000| 72%| E|  |TAMS 0x00000000c2900000, 0x00000000c2900000| Complete 
|  42|0x00000000c2a00000, 0x00000000c2b00000, 0x00000000c2b00000|100%| E|  |TAMS 0x00000000c2a00000, 0x00000000c2a00000| Complete 
|  43|0x00000000c2b00000, 0x00000000c2c00000, 0x00000000c2c00000|100%| E|CS|TAMS 0x00000000c2b00000, 0x00000000c2b00000| Complete 
|  44|0x00000000c2c00000, 0x00000000c2d00000, 0x00000000c2d00000|100%| E|CS|TAMS 0x00000000c2c00000, 0x00000000c2c00000| Complete 
|  45|0x00000000c2d00000, 0x00000000c2e00000, 0x00000000c2e00000|100%| E|CS|TAMS 0x00000000c2d00000, 0x00000000c2d00000| Complete 
|  46|0x00000000c2e00000, 0x00000000c2f00000, 0x00000000c2f00000|100%| E|CS|TAMS 0x00000000c2e00000, 0x00000000c2e00000| Complete 
|  47|0x00000000c2f00000, 0x00000000c3000000, 0x00000000c3000000|100%| E|CS|TAMS 0x00000000c2f00000, 0x00000000c2f00000| Complete 
|  48|0x00000000c3000000, 0x00000000c3100000, 0x00000000c3100000|100%| E|CS|TAMS 0x00000000c3000000, 0x00000000c3000000| Complete 
|  49|0x00000000c3100000, 0x00000000c3200000, 0x00000000c3200000|100%| E|CS|TAMS 0x00000000c3100000, 0x00000000c3100000| Complete 
|  50|0x00000000c3200000, 0x00000000c3300000, 0x00000000c3300000|100%| E|CS|TAMS 0x00000000c3200000, 0x00000000c3200000| Complete 
|  51|0x00000000c3300000, 0x00000000c3400000, 0x00000000c3400000|100%| E|CS|TAMS 0x00000000c3300000, 0x00000000c3300000| Complete 
|  52|0x00000000c3400000, 0x00000000c3500000, 0x00000000c3500000|100%| E|CS|TAMS 0x00000000c3400000, 0x00000000c3400000| Complete 
|  53|0x00000000c3500000, 0x00000000c3600000, 0x00000000c3600000|100%| E|CS|TAMS 0x00000000c3500000, 0x00000000c3500000| Complete 
|  54|0x00000000c3600000, 0x00000000c3700000, 0x00000000c3700000|100%| E|CS|TAMS 0x00000000c3600000, 0x00000000c3600000| Complete 
|  55|0x00000000c3700000, 0x00000000c3800000, 0x00000000c3800000|100%| E|CS|TAMS 0x00000000c3700000, 0x00000000c3700000| Complete 
|  56|0x00000000c3800000, 0x00000000c3900000, 0x00000000c3900000|100%| S|CS|TAMS 0x00000000c3800000, 0x00000000c3800000| Complete 
|  57|0x00000000c3900000, 0x00000000c3a00000, 0x00000000c3a00000|100%| E|CS|TAMS 0x00000000c3900000, 0x00000000c3900000| Complete 
|  58|0x00000000c3a00000, 0x00000000c3b00000, 0x00000000c3b00000|100%| E|CS|TAMS 0x00000000c3a00000, 0x00000000c3a00000| Complete 
|  59|0x00000000c3b00000, 0x00000000c3c00000, 0x00000000c3c00000|100%| E|CS|TAMS 0x00000000c3b00000, 0x00000000c3b00000| Complete 
|  60|0x00000000c3c00000, 0x00000000c3d00000, 0x00000000c3d00000|100%| E|CS|TAMS 0x00000000c3c00000, 0x00000000c3c00000| Complete 
|  61|0x00000000c3d00000, 0x00000000c3e00000, 0x00000000c3e00000|100%| E|CS|TAMS 0x00000000c3d00000, 0x00000000c3d00000| Complete 
|  62|0x00000000c3e00000, 0x00000000c3f00000, 0x00000000c3f00000|100%| E|CS|TAMS 0x00000000c3e00000, 0x00000000c3e00000| Complete 
|  63|0x00000000c3f00000, 0x00000000c4000000, 0x00000000c4000000|100%| E|CS|TAMS 0x00000000c3f00000, 0x00000000c3f00000| Complete 

Card table byte_map: [0x000001e3ff350000,0x000001e3ff550000] _byte_map_base: 0x000001e3fed50000

Marking Bits (Prev, Next): (CMBitMap*) 0x000001e3ff5a5088, (CMBitMap*) 0x000001e3ff5a50c0
 Prev Bits: [0x000001e3941f0000, 0x000001e3951f0000)
 Next Bits: [0x000001e3951f0000, 0x000001e3961f0000)

Polling page: 0x000001e3feca0000

Metaspace:

Usage:
  Non-class:     14.22 MB capacity,    14.02 MB ( 99%) used,   163.40 KB (  1%) free+waste,    45.94 KB ( <1%) overhead. 
      Class:      1.83 MB capacity,     1.65 MB ( 90%) used,   159.55 KB (  9%) free+waste,    22.94 KB (  1%) overhead. 
       Both:     16.06 MB capacity,    15.67 MB ( 98%) used,   322.95 KB (  2%) free+waste,    68.88 KB ( <1%) overhead. 

Virtual space:
  Non-class space:       16.00 MB reserved,      14.25 MB ( 89%) committed 
      Class space:        1.00 GB reserved,       1.88 MB ( <1%) committed 
             Both:        1.02 GB reserved,      16.13 MB (  2%) committed 

Chunk freelists:
   Non-Class:  27.00 KB
       Class:  11.00 KB
        Both:  38.00 KB

CodeHeap 'non-profiled nmethods': size=120064Kb used=348Kb max_used=348Kb free=119715Kb
 bounds [0x000001e38ccb0000, 0x000001e38cf20000, 0x000001e3941f0000]
CodeHeap 'profiled nmethods': size=120000Kb used=1941Kb max_used=1941Kb free=118058Kb
 bounds [0x000001e385780000, 0x000001e3859f0000, 0x000001e38ccb0000]
CodeHeap 'non-nmethods': size=5696Kb used=1192Kb max_used=1201Kb free=4503Kb
 bounds [0x000001e3851f0000, 0x000001e385460000, 0x000001e385780000]
 total_blobs=1834 nmethods=1068 adapters=477
 compilation: enabled
              stopped_count=0, restarted_count=0
 full_count=0

Compilation events (10 events):
Event: 3.285 Thread 0x000001e3ffc6b800 nmethod 1051 0x000001e38594cc90 code [0x000001e38594cea0, 0x000001e38594d2c0]
Event: 3.285 Thread 0x000001e3ffc6b800 1052       3       javafx.css.Selector::<init> (10 bytes)
Event: 3.285 Thread 0x000001e3ffc6b800 nmethod 1052 0x000001e38594d490 code [0x000001e38594d640, 0x000001e38594d7f8]
Event: 3.285 Thread 0x000001e3ffc6b800 1053       3       com.sun.javafx.css.PseudoClassState::getIndex (9 bytes)
Event: 3.286 Thread 0x000001e3ffc6b800 nmethod 1053 0x000001e38594d890 code [0x000001e38594da60, 0x000001e38594dcf0]
Event: 3.286 Thread 0x000001e3ffc6b800 1054       1       javafx.css.Selector::setRule (6 bytes)
Event: 3.286 Thread 0x000001e3ffc6b800 nmethod 1054 0x000001e38cd06f10 code [0x000001e38cd070c0, 0x000001e38cd07218]
Event: 3.287 Thread 0x000001e3ffc6b800 1055       3       java.lang.StringLatin1::trim (76 bytes)
Event: 3.287 Thread 0x000001e3ffc6b800 nmethod 1055 0x000001e38594dd90 code [0x000001e38594dfa0, 0x000001e38594e5d0]
Event: 3.288 Thread 0x000001e3ffc6b800 1056       3       com.sun.javafx.css.StyleClassSet::getStyleClass (148 bytes)

GC Heap History (2 events):
Event: 1.395 GC heap before
{Heap before GC invocations=0 (full 0):
 garbage-first heap   total 65536K, used 6144K [0x00000000c0000000, 0x0000000100000000)
  region size 1024K, 7 young (7168K), 0 survivors (0K)
 Metaspace       used 9307K, capacity 9523K, committed 9728K, reserved 1058816K
  class space    used 865K, capacity 944K, committed 1024K, reserved 1048576K
}
Event: 1.425 GC heap after
{Heap after GC invocations=1 (full 0):
 garbage-first heap   total 65536K, used 1614K [0x00000000c0000000, 0x0000000100000000)
  region size 1024K, 1 young (1024K), 1 survivors (1024K)
 Metaspace       used 9307K, capacity 9523K, committed 9728K, reserved 1058816K
  class space    used 865K, capacity 944K, committed 1024K, reserved 1048576K
}

Deoptimization events (10 events):
Event: 3.015 Thread 0x000001e39901a800 DEOPT PACKING pc=0x000001e38cce0cd0 sp=0x00000025e6dfbcd0
Event: 3.015 Thread 0x000001e39901a800 DEOPT UNPACKING pc=0x000001e385218129 sp=0x00000025e6dfbc40 mode 2
Event: 3.015 Thread 0x000001e39901a800 Uncommon trap: trap_request=0xffffff4d fr.pc=0x000001e38ccdfae4 relative=0x00000000000000c4
Event: 3.015 Thread 0x000001e39901a800 Uncommon trap: reason=unstable_if action=reinterpret pc=0x000001e38ccdfae4 method=java.lang.String.getBytes([BIB)V @ 5 c2
Event: 3.015 Thread 0x000001e39901a800 DEOPT PACKING pc=0x000001e38ccdfae4 sp=0x00000025e6dfbbf0
Event: 3.015 Thread 0x000001e39901a800 DEOPT UNPACKING pc=0x000001e385218129 sp=0x00000025e6dfbbb8 mode 2
Event: 3.092 Thread 0x000001e39901a800 Uncommon trap: trap_request=0xffffff4d fr.pc=0x000001e38ccd9a3c relative=0x000000000000029c
Event: 3.092 Thread 0x000001e39901a800 Uncommon trap: reason=unstable_if action=reinterpret pc=0x000001e38ccd9a3c method=java.lang.StringUTF16.compress([CI[BII)I @ 20 c2
Event: 3.092 Thread 0x000001e39901a800 DEOPT PACKING pc=0x000001e38ccd9a3c sp=0x00000025e6dfc220
Event: 3.093 Thread 0x000001e39901a800 DEOPT UNPACKING pc=0x000001e385218129 sp=0x00000025e6dfc1a0 mode 2

Classes redefined (0 events):
No events

Internal exceptions (10 events):
Event: 3.182 Thread 0x000001e39901a800 Exception <a 'java/lang/UnsatisfiedLinkError'{0x00000000c2c66448}> (0x00000000c2c66448) thrown at [c:/BuildAgent/work/5ff2f6c26000d570/src/hotspot/share/prims/jvm.cpp, line 3451]
Event: 3.182 Thread 0x000001e39901a800 Exception <a 'java/lang/UnsatisfiedLinkError'{0x00000000c2c66448}> (0x00000000c2c66448) thrown at [c:/BuildAgent/work/5ff2f6c26000d570/src/hotspot/share/prims/jni.cpp, line 615]
Event: 3.182 Thread 0x000001e39901a800 Exception <a 'java/lang/UnsatisfiedLinkError'{0x00000000c2c66448}> (0x00000000c2c66448) thrown at [c:/BuildAgent/work/5ff2f6c26000d570/src/hotspot/share/prims/jvm.cpp, line 1304]
Event: 3.182 Thread 0x000001e39901a800 Exception <a 'java/lang/UnsatisfiedLinkError'{0x00000000c2c66448}> (0x00000000c2c66448) thrown at [c:/BuildAgent/work/5ff2f6c26000d570/src/hotspot/share/oops/instanceKlass.cpp, line 1036]
Event: 3.182 Thread 0x000001e39901a800 Exception <a 'java/lang/UnsatisfiedLinkError'{0x00000000c2c66448}> (0x00000000c2c66448) thrown at [c:/BuildAgent/work/5ff2f6c26000d570/src/hotspot/share/prims/jvm.cpp, line 1304]
Event: 3.182 Thread 0x000001e39901a800 Exception <a 'java/lang/UnsatisfiedLinkError'{0x00000000c2c66448}> (0x00000000c2c66448) thrown at [c:/BuildAgent/work/5ff2f6c26000d570/src/hotspot/share/oops/instanceKlass.cpp, line 1036]
Event: 3.183 Thread 0x000001e39901a800 Exception <a 'java/lang/reflect/InvocationTargetException'{0x00000000c2c66c68}> (0x00000000c2c66c68) thrown at [c:/BuildAgent/work/5ff2f6c26000d570/src/hotspot/share/runtime/reflection.cpp, line 1246]
Event: 3.199 Thread 0x000001e39901a800 Exception <a 'java/lang/NoSuchMethodError'{0x00000000c2ccf5a0}: 'java.lang.Object java.lang.invoke.DirectMethodHandle$Holder.invokeSpecial(java.lang.Object, java.lang.Object, int, int, int, java.lang.Object, java.lang.Object, java.lang.Object, java.lang.O
Event: 3.200 Thread 0x000001e39901a800 Exception <a 'java/lang/NoSuchMethodError'{0x00000000c2cd3000}: 'java.lang.Object java.lang.invoke.DelegatingMethodHandle$Holder.reinvoke_L(java.lang.Object, int, int, int, java.lang.Object, java.lang.Object, java.lang.Object, java.lang.Object)'> (0x00000
Event: 3.205 Thread 0x000001e39901a800 Exception <a 'java/lang/NoSuchMethodError'{0x00000000c2cf5278}: 'java.lang.Object java.lang.invoke.DirectMethodHandle$Holder.invokeStatic(java.lang.Object, java.lang.Object, java.lang.Object, java.lang.Object, java.lang.Object, java.lang.Object, java.lang

Events (10 events):
Event: 3.218 loading class java/lang/invoke/BoundMethodHandle$Species_LLLLIILL
Event: 3.218 loading class java/lang/invoke/BoundMethodHandle$Species_LLLLIILL done
Event: 3.228 loading class java/lang/invoke/BoundMethodHandle$Species_LLLLIILLL
Event: 3.228 loading class java/lang/invoke/BoundMethodHandle$Species_LLLLIILLL done
Event: 3.242 loading class java/lang/invoke/BoundMethodHandle$Species_LLLLIILLLL
Event: 3.242 loading class java/lang/invoke/BoundMethodHandle$Species_LLLLIILLLL done
Event: 3.256 loading class sun/net/www/protocol/jrt/JavaRuntimeURLConnection
Event: 3.256 loading class sun/net/www/protocol/jrt/JavaRuntimeURLConnection done
Event: 3.257 loading class sun/net/www/protocol/jrt/JavaRuntimeURLConnection$1
Event: 3.257 loading class sun/net/www/protocol/jrt/JavaRuntimeURLConnection$1 done


Dynamic libraries:
0x00007ff6f42a0000 - 0x00007ff6f42e7000 	C:\Users\gerbe\Downloads\ideaIU-2019.2.3.win\jbr\bin\java.exe
0x00007ff854b20000 - 0x00007ff854d10000 	C:\Windows\SYSTEM32\ntdll.dll
0x00007ff854490000 - 0x00007ff854542000 	C:\Windows\System32\KERNEL32.DLL
0x00007ff852000000 - 0x00007ff8522a3000 	C:\Windows\System32\KERNELBASE.dll
0x00007ff8533f0000 - 0x00007ff853584000 	C:\Windows\System32\USER32.dll
0x00007ff851fa0000 - 0x00007ff851fc1000 	C:\Windows\System32\win32u.dll
0x00007ff853e70000 - 0x00007ff853e96000 	C:\Windows\System32\GDI32.dll
0x00007ff852a30000 - 0x00007ff852bc4000 	C:\Windows\System32\gdi32full.dll
0x00007ff851df0000 - 0x00007ff851e8e000 	C:\Windows\System32\msvcp_win.dll
0x00007ff851c70000 - 0x00007ff851d6a000 	C:\Windows\System32\ucrtbase.dll
0x00007ff843e80000 - 0x00007ff844105000 	C:\Windows\WinSxS\amd64_microsoft.windows.common-controls_6595b64144ccf1df_6.0.18362.535_none_e6c3b34713100821\COMCTL32.dll
0x00007ff853db0000 - 0x00007ff853e4e000 	C:\Windows\System32\msvcrt.dll
0x00007ff853040000 - 0x00007ff853376000 	C:\Windows\System32\combase.dll
0x00007ff8549c0000 - 0x00007ff854ae0000 	C:\Windows\System32\RPCRT4.dll
0x00007ff851d70000 - 0x00007ff851df0000 	C:\Windows\System32\bcryptPrimitives.dll
0x00007ff854910000 - 0x00007ff85493e000 	C:\Windows\System32\IMM32.DLL
0x00007ff84b990000 - 0x00007ff84b9a7000 	C:\Users\gerbe\Downloads\ideaIU-2019.2.3.win\jbr\bin\vcruntime140.dll
0x00007ff83cb60000 - 0x00007ff83cbfd000 	C:\Users\gerbe\Downloads\ideaIU-2019.2.3.win\jbr\bin\msvcp140.dll
0x00007ff827190000 - 0x00007ff827c48000 	C:\Users\gerbe\Downloads\ideaIU-2019.2.3.win\jbr\bin\server\jvm.dll
0x00007ff8546f0000 - 0x00007ff854793000 	C:\Windows\System32\ADVAPI32.dll
0x00007ff8547a0000 - 0x00007ff854837000 	C:\Windows\System32\sechost.dll
0x00007ff854180000 - 0x00007ff854188000 	C:\Windows\System32\PSAPI.DLL
0x00007ff84e6b0000 - 0x00007ff84e6d4000 	C:\Windows\SYSTEM32\WINMM.dll
0x00007ff84a640000 - 0x00007ff84a64a000 	C:\Windows\SYSTEM32\VERSION.dll
0x00007ff84e680000 - 0x00007ff84e6ad000 	C:\Windows\SYSTEM32\WINMMBASE.dll
0x00007ff851ab0000 - 0x00007ff851afa000 	C:\Windows\System32\cfgmgr32.dll
0x00007ff849570000 - 0x00007ff849579000 	C:\Windows\SYSTEM32\WSOCK32.dll
0x00007ff854940000 - 0x00007ff8549af000 	C:\Windows\System32\WS2_32.dll
0x00007ff851a00000 - 0x00007ff851a11000 	C:\Windows\System32\kernel.appcore.dll
0x00007ff84b710000 - 0x00007ff84b721000 	C:\Users\gerbe\Downloads\ideaIU-2019.2.3.win\jbr\bin\verify.dll
0x00007ff843830000 - 0x00007ff843a24000 	C:\Windows\SYSTEM32\DBGHELP.DLL
0x00007ff843710000 - 0x00007ff84373a000 	C:\Windows\SYSTEM32\dbgcore.DLL
0x00007ff84b070000 - 0x00007ff84b099000 	C:\Users\gerbe\Downloads\ideaIU-2019.2.3.win\jbr\bin\java.dll
0x00007ff84b5c0000 - 0x00007ff84b5f4000 	C:\Users\gerbe\Downloads\ideaIU-2019.2.3.win\jbr\bin\instrument.dll
0x00007ff84b6f0000 - 0x00007ff84b707000 	C:\Users\gerbe\Downloads\ideaIU-2019.2.3.win\jbr\bin\zip.dll
0x00007ff84e2d0000 - 0x00007ff84e2db000 	C:\Users\gerbe\Downloads\ideaIU-2019.2.3.win\jbr\bin\jimage.dll
0x00007ff853590000 - 0x00007ff853c75000 	C:\Windows\System32\SHELL32.dll
0x00007ff854280000 - 0x00007ff854329000 	C:\Windows\System32\shcore.dll
0x00007ff8522b0000 - 0x00007ff852a2f000 	C:\Windows\System32\windows.storage.dll
0x00007ff851a70000 - 0x00007ff851a8f000 	C:\Windows\System32\profapi.dll
0x00007ff851a20000 - 0x00007ff851a6a000 	C:\Windows\System32\powrprof.dll
0x00007ff8519f0000 - 0x00007ff851a00000 	C:\Windows\System32\UMPDC.dll
0x00007ff854690000 - 0x00007ff8546e2000 	C:\Windows\System32\shlwapi.dll
0x00007ff851b00000 - 0x00007ff851b17000 	C:\Windows\System32\cryptsp.dll
0x00007ff84b2c0000 - 0x00007ff84b2da000 	C:\Users\gerbe\Downloads\ideaIU-2019.2.3.win\jbr\bin\net.dll
0x00007ff848400000 - 0x00007ff8484f0000 	C:\Windows\SYSTEM32\WINHTTP.dll
0x00007ff847e90000 - 0x00007ff848066000 	C:\Windows\SYSTEM32\urlmon.dll
0x00007ff847be0000 - 0x00007ff847e86000 	C:\Windows\SYSTEM32\iertutil.dll
0x00007ff851430000 - 0x00007ff85143c000 	C:\Windows\SYSTEM32\CRYPTBASE.DLL
0x00007ff851260000 - 0x00007ff8512c7000 	C:\Windows\system32\mswsock.dll
0x00007ff84b110000 - 0x00007ff84b124000 	C:\Users\gerbe\Downloads\ideaIU-2019.2.3.win\jbr\bin\nio.dll
0x00007ff84b8a0000 - 0x00007ff84b8ba000 	C:\Users\gerbe\Downloads\ideaIU-2019.2.3.win\bin\breakgen64.dll
0x000001e3ffd80000 - 0x000001e3ffd83000 	C:\Users\gerbe\Downloads\ideaIU-2019.2.3.win\jbr\bin\api-ms-win-core-console-l1-1-0.dll
0x000001e3ffd90000 - 0x000001e3ffd93000 	C:\Users\gerbe\Downloads\ideaIU-2019.2.3.win\jbr\bin\api-ms-win-core-datetime-l1-1-0.dll
0x000001e3ffda0000 - 0x000001e3ffda3000 	C:\Users\gerbe\Downloads\ideaIU-2019.2.3.win\jbr\bin\api-ms-win-core-debug-l1-1-0.dll
0x000001e3ffdb0000 - 0x000001e3ffdb3000 	C:\Users\gerbe\Downloads\ideaIU-2019.2.3.win\jbr\bin\api-ms-win-core-errorhandling-l1-1-0.dll
0x000001e3ffdc0000 - 0x000001e3ffdc4000 	C:\Users\gerbe\Downloads\ideaIU-2019.2.3.win\jbr\bin\api-ms-win-core-file-l1-1-0.dll
0x000001e3ffdd0000 - 0x000001e3ffdd3000 	C:\Users\gerbe\Downloads\ideaIU-2019.2.3.win\jbr\bin\api-ms-win-core-file-l1-2-0.dll
0x000001e3ffde0000 - 0x000001e3ffde3000 	C:\Users\gerbe\Downloads\ideaIU-2019.2.3.win\jbr\bin\api-ms-win-core-file-l2-1-0.dll
0x000001e3ffdf0000 - 0x000001e3ffdf3000 	C:\Users\gerbe\Downloads\ideaIU-2019.2.3.win\jbr\bin\api-ms-win-core-handle-l1-1-0.dll
0x000001e3ffe00000 - 0x000001e3ffe03000 	C:\Users\gerbe\Downloads\ideaIU-2019.2.3.win\jbr\bin\api-ms-win-core-heap-l1-1-0.dll
0x000001e3ffe10000 - 0x000001e3ffe13000 	C:\Users\gerbe\Downloads\ideaIU-2019.2.3.win\jbr\bin\api-ms-win-core-interlocked-l1-1-0.dll
0x000001e3ffe20000 - 0x000001e3ffe23000 	C:\Users\gerbe\Downloads\ideaIU-2019.2.3.win\jbr\bin\api-ms-win-core-libraryloader-l1-1-0.dll
0x000001e3ffe30000 - 0x000001e3ffe33000 	C:\Users\gerbe\Downloads\ideaIU-2019.2.3.win\jbr\bin\api-ms-win-core-localization-l1-2-0.dll
0x000001e3ffe40000 - 0x000001e3ffe43000 	C:\Users\gerbe\Downloads\ideaIU-2019.2.3.win\jbr\bin\api-ms-win-core-memory-l1-1-0.dll
0x000001e3ffe50000 - 0x000001e3ffe53000 	C:\Users\gerbe\Downloads\ideaIU-2019.2.3.win\jbr\bin\api-ms-win-core-namedpipe-l1-1-0.dll
0x000001e3ffe60000 - 0x000001e3ffe63000 	C:\Users\gerbe\Downloads\ideaIU-2019.2.3.win\jbr\bin\api-ms-win-core-processenvironment-l1-1-0.dll
0x000001e3ffe70000 - 0x000001e3ffe73000 	C:\Users\gerbe\Downloads\ideaIU-2019.2.3.win\jbr\bin\api-ms-win-core-processthreads-l1-1-0.dll
0x000001e3ffe80000 - 0x000001e3ffe83000 	C:\Users\gerbe\Downloads\ideaIU-2019.2.3.win\jbr\bin\api-ms-win-core-processthreads-l1-1-1.dll
0x000001e3ffe90000 - 0x000001e3ffe93000 	C:\Users\gerbe\Downloads\ideaIU-2019.2.3.win\jbr\bin\api-ms-win-core-profile-l1-1-0.dll
0x000001e3ffea0000 - 0x000001e3ffea3000 	C:\Users\gerbe\Downloads\ideaIU-2019.2.3.win\jbr\bin\api-ms-win-core-rtlsupport-l1-1-0.dll
0x000001e3ffeb0000 - 0x000001e3ffeb3000 	C:\Users\gerbe\Downloads\ideaIU-2019.2.3.win\jbr\bin\api-ms-win-core-string-l1-1-0.dll
0x000001e3ffec0000 - 0x000001e3ffec3000 	C:\Users\gerbe\Downloads\ideaIU-2019.2.3.win\jbr\bin\api-ms-win-core-synch-l1-1-0.dll
0x000001e3ffed0000 - 0x000001e3ffed3000 	C:\Users\gerbe\Downloads\ideaIU-2019.2.3.win\jbr\bin\api-ms-win-core-synch-l1-2-0.dll
0x000001e3ffee0000 - 0x000001e3ffee3000 	C:\Users\gerbe\Downloads\ideaIU-2019.2.3.win\jbr\bin\api-ms-win-core-sysinfo-l1-1-0.dll
0x000001e3ffef0000 - 0x000001e3ffef3000 	C:\Users\gerbe\Downloads\ideaIU-2019.2.3.win\jbr\bin\api-ms-win-core-timezone-l1-1-0.dll
0x000001e3fff00000 - 0x000001e3fff03000 	C:\Users\gerbe\Downloads\ideaIU-2019.2.3.win\jbr\bin\api-ms-win-core-util-l1-1-0.dll
0x000001e3fff10000 - 0x000001e3fff13000 	C:\Users\gerbe\Downloads\ideaIU-2019.2.3.win\jbr\bin\api-ms-win-crt-conio-l1-1-0.dll
0x000001e3fff20000 - 0x000001e3fff24000 	C:\Users\gerbe\Downloads\ideaIU-2019.2.3.win\jbr\bin\api-ms-win-crt-convert-l1-1-0.dll
0x000001e3fff30000 - 0x000001e3fff33000 	C:\Users\gerbe\Downloads\ideaIU-2019.2.3.win\jbr\bin\api-ms-win-crt-environment-l1-1-0.dll
0x000001e3fff40000 - 0x000001e3fff43000 	C:\Users\gerbe\Downloads\ideaIU-2019.2.3.win\jbr\bin\api-ms-win-crt-filesystem-l1-1-0.dll
0x000001e3fff50000 - 0x000001e3fff53000 	C:\Users\gerbe\Downloads\ideaIU-2019.2.3.win\jbr\bin\api-ms-win-crt-heap-l1-1-0.dll
0x000001e3fff60000 - 0x000001e3fff63000 	C:\Users\gerbe\Downloads\ideaIU-2019.2.3.win\jbr\bin\api-ms-win-crt-locale-l1-1-0.dll
0x000001e3fff70000 - 0x000001e3fff75000 	C:\Users\gerbe\Downloads\ideaIU-2019.2.3.win\jbr\bin\api-ms-win-crt-math-l1-1-0.dll
0x000001e3fff80000 - 0x000001e3fff85000 	C:\Users\gerbe\Downloads\ideaIU-2019.2.3.win\jbr\bin\api-ms-win-crt-multibyte-l1-1-0.dll
0x000001e3fff90000 - 0x000001e3fffa0000 	C:\Users\gerbe\Downloads\ideaIU-2019.2.3.win\jbr\bin\api-ms-win-crt-private-l1-1-0.dll
0x000001e3fffa0000 - 0x000001e3fffa3000 	C:\Users\gerbe\Downloads\ideaIU-2019.2.3.win\jbr\bin\api-ms-win-crt-process-l1-1-0.dll
0x000001e3fffb0000 - 0x000001e3fffb4000 	C:\Users\gerbe\Downloads\ideaIU-2019.2.3.win\jbr\bin\api-ms-win-crt-runtime-l1-1-0.dll
0x000001e3fffc0000 - 0x000001e3fffc4000 	C:\Users\gerbe\Downloads\ideaIU-2019.2.3.win\jbr\bin\api-ms-win-crt-stdio-l1-1-0.dll
0x000001e3fffd0000 - 0x000001e3fffd4000 	C:\Users\gerbe\Downloads\ideaIU-2019.2.3.win\jbr\bin\api-ms-win-crt-string-l1-1-0.dll
0x000001e3fffe0000 - 0x000001e3fffe3000 	C:\Users\gerbe\Downloads\ideaIU-2019.2.3.win\jbr\bin\api-ms-win-crt-time-l1-1-0.dll
0x000001e3ffff0000 - 0x000001e3ffff3000 	C:\Users\gerbe\Downloads\ideaIU-2019.2.3.win\jbr\bin\api-ms-win-crt-utility-l1-1-0.dll
0x00007ff83be10000 - 0x00007ff83bf0a000 	C:\Users\gerbe\Downloads\ideaIU-2019.2.3.win\jbr\bin\ucrtbase.dll
0x00007ff84b140000 - 0x00007ff84b191000 	C:\Windows\System32\concrt140.dll
0x00007ff84b2f0000 - 0x00007ff84b313000 	C:\Users\gerbe\Downloads\ideaIU-2019.2.3.win\jbr\bin\prism_d3d.dll
0x00007ff83a9c0000 - 0x00007ff83ab87000 	C:\Windows\system32\d3d9.dll
0x00007ff850190000 - 0x00007ff8501bd000 	C:\Windows\SYSTEM32\dwmapi.dll
0x00007ff850660000 - 0x00007ff850680000 	C:\Windows\SYSTEM32\dxcore.dll
0x00007ff84fd20000 - 0x00007ff84fdb9000 	C:\Windows\system32\uxtheme.dll
0x00007ff84a670000 - 0x00007ff84a77e000 	C:\Windows\SYSTEM32\aticfx64.dll
0x00007ff84bf80000 - 0x00007ff84bf8f000 	C:\Windows\SYSTEM32\atiu9p64.dll
0x00007ff82e6e0000 - 0x00007ff82ee10000 	C:\Windows\SYSTEM32\atiumd64.dll
0x0000000063ec0000 - 0x00000000642de000 	C:\Windows\SYSTEM32\atiumd6a.dll
0x00007ff846520000 - 0x00007ff846565000 	C:\Users\gerbe\Downloads\ideaIU-2019.2.3.win\jbr\bin\glass.dll
0x00007ff853ce0000 - 0x00007ff853db0000 	C:\Windows\System32\COMDLG32.dll
0x00007ff854330000 - 0x00007ff854486000 	C:\Windows\System32\ole32.dll
0x00007ff854840000 - 0x00007ff854904000 	C:\Windows\System32\OLEAUT32.dll
0x00007ff854550000 - 0x00007ff854685000 	C:\Windows\System32\MSCTF.dll
0x00007ff84b7b0000 - 0x00007ff84b7c4000 	C:\Users\gerbe\Downloads\ideaIU-2019.2.3.win\jbr\bin\javafx_font.dll

dbghelp: loaded successfully - version: 4.0.5 - missing functions: none
symbol engine: initialized successfully - sym options: 0x614 - pdb path: .;C:\Users\gerbe\Downloads\ideaIU-2019.2.3.win\jbr\bin;C:\Windows\SYSTEM32;C:\Windows\WinSxS\amd64_microsoft.windows.common-controls_6595b64144ccf1df_6.0.18362.535_none_e6c3b34713100821;C:\Users\gerbe\Downloads\ideaIU-2019.2.3.win\jbr\bin\server;C:\Users\gerbe\Downloads\ideaIU-2019.2.3.win\bin

VM Arguments:
jvm_args: -javaagent:C:\Users\gerbe\Downloads\ideaIU-2019.2.3.win\lib\idea_rt.jar=56567:C:\Users\gerbe\Downloads\ideaIU-2019.2.3.win\bin -Dfile.encoding=UTF-8 
java_command: sample.Main
java_class_path (initial): C:\Users\gerbe\IdeaProjects\coding-game\out\production\coding-game
Launcher Type: SUN_STANDARD

[Global flags]
     intx CICompilerCount                          = 2                                         {product} {ergonomic}
     uint ConcGCThreads                            = 1                                         {product} {ergonomic}
     uint G1ConcRefinementThreads                  = 2                                         {product} {ergonomic}
   size_t G1HeapRegionSize                         = 1048576                                   {product} {ergonomic}
    uintx GCDrainStackTargetSize                   = 64                                        {product} {ergonomic}
   size_t InitialHeapSize                          = 67108864                                  {product} {ergonomic}
   size_t MarkStackSize                            = 4194304                                   {product} {ergonomic}
   size_t MaxHeapSize                              = 1073741824                                {product} {ergonomic}
   size_t MaxNewSize                               = 643825664                                 {product} {ergonomic}
   size_t MinHeapDeltaBytes                        = 1048576                                   {product} {ergonomic}
    uintx NonNMethodCodeHeapSize                   = 5824844                                {pd product} {ergonomic}
    uintx NonProfiledCodeHeapSize                  = 122916698                              {pd product} {ergonomic}
    uintx ProfiledCodeHeapSize                     = 122916698                              {pd product} {ergonomic}
    uintx ReservedCodeCacheSize                    = 251658240                              {pd product} {ergonomic}
     bool SegmentedCodeCache                       = true                                      {product} {ergonomic}
     bool UseCompressedClassPointers               = true                                 {lp64_product} {ergonomic}
     bool UseCompressedOops                        = true                                 {lp64_product} {ergonomic}
     bool UseG1GC                                  = true                                      {product} {ergonomic}
     bool UseLargePagesIndividualAllocation        = false                                  {pd product} {ergonomic}

Logging:
Log output configuration:
 #0: stdout all=warning uptime,level,tags
 #1: stderr all=off uptime,level,tags

Environment Variables:
PATH=C:\Program Files (x86)\Common Files\Oracle\Java\javapath;C:\Users\gerbe\gcc\bin;C:\Users\gerbe\gcc\libexec\gcc\x86_64-w64-mingw32\9.2.0;C:\Inprise\vbroker\bin;C:\Oracle18c-EX\dbhomeXE\bin;C:\Windows\system32;C:\Windows;C:\Windows\System32\Wbem;C:\Windows\System32\WindowsPowerShell\v1.0\;C:\Windows\System32\OpenSSH\;C:\Users\gerbe\Downloads\php-7.3.10-Win32-VC15-x64;C:\Program Files\nodejs\;C:\Program Files (x86)\CMake\bin;C:\Users\gerbe\AppData\Local\Programs\Python\Python37-32;C:\Users\gerbe\AppData\Local\Programs\Python\Python37-32\Scripts;C:\Program Files\dotnet\;C:\Program Files\Git\cmd;C:\Users\gerbe\AppData\Local\Microsoft\WindowsApps;C:\Program Files\JetBrains\PyCharm Community Edition 2019.2.1\bin;;C:\Program Files (x86)\release\bin;;C:\Program Files\JetBrains\PyCharm 2019.2.3\bin;;C:\Program Files\JetBrains\PhpStorm 2019.2.3\bin;;C:\Program Files\JetBrains\WebStorm 2019.2.3\bin;;C:\Users\gerbe\AppData\Roaming\npm
USERNAME=gerbe
OS=Windows_NT
PROCESSOR_IDENTIFIER=AMD64 Family 16 Model 6 Stepping 2, AuthenticAMD



---------------  S Y S T E M  ---------------

OS: Windows 10 , 64 bit Build 18362 (10.0.18362.329)

CPU:total 2 (initial active 2) (2 cores per cpu, 1 threads per core) family 16 model 6 stepping 2, cmov, cx8, fxsr, mmx, sse, sse2, sse3, popcnt, mmxext, 3dnowpref, lzcnt, sse4a, tsc, tscinvbit, tscinv

Memory: 4k page, system-wide physical 4092M (374M free)
TotalPageFile size 6140M (AvailPageFile size 4M)
current process WorkingSet (physical memory assigned to process): 100M, peak: 100M
current process commit charge ("private bytes"): 165M, peak: 165M

vm_info: OpenJDK 64-Bit Server VM (11.0.4+10-b304.69) for windows-amd64 JRE (11.0.4+10-b304.69), built on Sep  9 2019 11:39:50 by "" with MS VC++ 14.0 (VS2015)

END.
